2019-09-11 09:12:22.770 [main] INFO  o.s.b.t.context.SpringBootTestContextBootstrapper - Neither @ContextConfiguration nor @ContextHierarchy found for test class [com.example.excatch.ExcatchApplicationTests], using SpringBootContextLoader
2019-09-11 09:12:22.774 [main] INFO  o.s.test.context.support.AbstractContextLoader - Could not detect default resource locations for test class [com.example.excatch.ExcatchApplicationTests]: no resource found for suffixes {-context.xml, Context.groovy}.
2019-09-11 09:12:22.775 [main] INFO  o.s.t.c.support.AnnotationConfigContextLoaderUtils - Could not detect default configuration classes for test class [com.example.excatch.ExcatchApplicationTests]: ExcatchApplicationTests does not declare any static, non-private, non-final, nested classes annotated with @Configuration.
2019-09-11 09:12:22.854 [main] INFO  o.s.b.t.context.SpringBootTestContextBootstrapper - Found @SpringBootConfiguration com.example.excatch.ExcatchApplication for test class com.example.excatch.ExcatchApplicationTests
2019-09-11 09:12:22.922 [main] INFO  o.s.b.t.context.SpringBootTestContextBootstrapper - Loaded default TestExecutionListener class names from location [META-INF/spring.factories]: [org.springframework.boot.test.mock.mockito.MockitoTestExecutionListener, org.springframework.boot.test.mock.mockito.ResetMocksTestExecutionListener, org.springframework.boot.test.autoconfigure.restdocs.RestDocsTestExecutionListener, org.springframework.boot.test.autoconfigure.web.client.MockRestServiceServerResetTestExecutionListener, org.springframework.boot.test.autoconfigure.web.servlet.MockMvcPrintOnlyOnFailureTestExecutionListener, org.springframework.boot.test.autoconfigure.web.servlet.WebDriverTestExecutionListener, org.springframework.test.context.web.ServletTestExecutionListener, org.springframework.test.context.support.DirtiesContextBeforeModesTestExecutionListener, org.springframework.test.context.support.DependencyInjectionTestExecutionListener, org.springframework.test.context.support.DirtiesContextTestExecutionListener, org.springframework.test.context.transaction.TransactionalTestExecutionListener, org.springframework.test.context.jdbc.SqlScriptsTestExecutionListener]
2019-09-11 09:12:22.935 [main] INFO  o.s.b.t.context.SpringBootTestContextBootstrapper - Using TestExecutionListeners: [org.springframework.test.context.web.ServletTestExecutionListener@4f67eb2a, org.springframework.test.context.support.DirtiesContextBeforeModesTestExecutionListener@4a668b6e, org.springframework.boot.test.mock.mockito.MockitoTestExecutionListener@5f683daf, org.springframework.boot.test.autoconfigure.SpringBootDependencyInjectionTestExecutionListener@78ffe6dc, org.springframework.test.context.support.DirtiesContextTestExecutionListener@8317c52, org.springframework.test.context.transaction.TransactionalTestExecutionListener@76f2bbc1, org.springframework.test.context.jdbc.SqlScriptsTestExecutionListener@68e965f5, org.springframework.boot.test.mock.mockito.ResetMocksTestExecutionListener@6f27a732, org.springframework.boot.test.autoconfigure.restdocs.RestDocsTestExecutionListener@6c779568, org.springframework.boot.test.autoconfigure.web.client.MockRestServiceServerResetTestExecutionListener@f381794, org.springframework.boot.test.autoconfigure.web.servlet.MockMvcPrintOnlyOnFailureTestExecutionListener@2cdd0d4b, org.springframework.boot.test.autoconfigure.web.servlet.WebDriverTestExecutionListener@7e9131d5]
2019-09-11 09:12:23.144 [main] INFO  com.example.excatch.ExcatchApplicationTests - Starting ExcatchApplicationTests on songqd-P1 with PID 15148 (started by songqd in D:\IDEAWorkSpace\excatch)
2019-09-11 09:12:23.145 [main] INFO  com.example.excatch.ExcatchApplicationTests - No active profile set, falling back to default profiles: default
2019-09-11 09:12:23.553 [main] INFO  o.s.d.r.config.RepositoryConfigurationDelegate - Multiple Spring Data modules found, entering strict repository configuration mode!
2019-09-11 09:12:23.555 [main] INFO  o.s.d.r.config.RepositoryConfigurationDelegate - Bootstrapping Spring Data repositories in DEFAULT mode.
2019-09-11 09:12:23.579 [main] INFO  o.s.d.r.config.RepositoryConfigurationDelegate - Finished Spring Data repository scanning in 13ms. Found 0 repository interfaces.
2019-09-11 09:12:24.575 [main] INFO  o.s.scheduling.concurrent.ThreadPoolTaskExecutor - Initializing ExecutorService 'applicationTaskExecutor'
2019-09-11 09:12:24.703 [main] WARN  o.s.b.a.t.ThymeleafAutoConfiguration$DefaultTemplateResolverConfiguration - Cannot find template location: classpath:/templates/ (please add some templates or check your Thymeleaf configuration)
2019-09-11 09:12:24.989 [getRedisMessageListenerContainer-1] INFO  io.lettuce.core.EpollProvider - Starting without optional epoll library
2019-09-11 09:12:24.990 [getRedisMessageListenerContainer-1] INFO  io.lettuce.core.KqueueProvider - Starting without optional kqueue library
2019-09-11 09:12:25.907 [main] INFO  com.example.excatch.ExcatchApplicationTests - Started ExcatchApplicationTests in 2.949 seconds (JVM running for 3.55)
2019-09-11 09:12:26.035 [Thread-2] INFO  o.s.scheduling.concurrent.ThreadPoolTaskExecutor - Shutting down ExecutorService 'applicationTaskExecutor'
2019-09-11 09:37:24.641 [main] INFO  com.example.excatch.ExcatchApplication - Starting ExcatchApplication on songqd-P1 with PID 8612 (D:\IDEAWorkSpace\excatch\target\classes started by songqd in D:\IDEAWorkSpace\excatch)
2019-09-11 09:37:24.644 [main] INFO  com.example.excatch.ExcatchApplication - No active profile set, falling back to default profiles: default
2019-09-11 09:37:25.149 [main] INFO  o.s.d.r.config.RepositoryConfigurationDelegate - Multiple Spring Data modules found, entering strict repository configuration mode!
2019-09-11 09:37:25.151 [main] INFO  o.s.d.r.config.RepositoryConfigurationDelegate - Bootstrapping Spring Data repositories in DEFAULT mode.
2019-09-11 09:37:25.173 [main] INFO  o.s.d.r.config.RepositoryConfigurationDelegate - Finished Spring Data repository scanning in 12ms. Found 0 repository interfaces.
2019-09-11 09:37:25.503 [main] INFO  o.s.boot.web.embedded.tomcat.TomcatWebServer - Tomcat initialized with port(s): 8080 (http)
2019-09-11 09:37:25.513 [main] INFO  org.apache.coyote.http11.Http11NioProtocol - Initializing ProtocolHandler ["http-nio-8080"]
2019-09-11 09:37:25.519 [main] INFO  org.apache.catalina.core.StandardService - Starting service [Tomcat]
2019-09-11 09:37:25.519 [main] INFO  org.apache.catalina.core.StandardEngine - Starting Servlet engine: [Apache Tomcat/9.0.22]
2019-09-11 09:37:25.524 [main] INFO  org.apache.catalina.core.AprLifecycleListener - Loaded APR based Apache Tomcat Native library [1.2.23] using APR version [1.7.0].
2019-09-11 09:37:25.524 [main] INFO  org.apache.catalina.core.AprLifecycleListener - APR capabilities: IPv6 [true], sendfile [true], accept filters [false], random [true].
2019-09-11 09:37:25.524 [main] INFO  org.apache.catalina.core.AprLifecycleListener - APR/OpenSSL configuration: useAprConnector [false], useOpenSSL [true]
2019-09-11 09:37:25.527 [main] INFO  org.apache.catalina.core.AprLifecycleListener - OpenSSL successfully initialized [OpenSSL 1.1.1c  28 May 2019]
2019-09-11 09:37:25.603 [main] INFO  o.a.c.core.ContainerBase.[Tomcat].[localhost].[/] - Initializing Spring embedded WebApplicationContext
2019-09-11 09:37:25.604 [main] INFO  org.springframework.web.context.ContextLoader - Root WebApplicationContext: initialization completed in 926 ms
2019-09-11 09:37:25.948 [main] INFO  o.s.scheduling.concurrent.ThreadPoolTaskExecutor - Initializing ExecutorService 'applicationTaskExecutor'
2019-09-11 09:37:26.008 [main] WARN  o.s.b.a.t.ThymeleafAutoConfiguration$DefaultTemplateResolverConfiguration - Cannot find template location: classpath:/templates/ (please add some templates or check your Thymeleaf configuration)
2019-09-11 09:37:26.192 [getRedisMessageListenerContainer-1] INFO  io.lettuce.core.EpollProvider - Starting without optional epoll library
2019-09-11 09:37:26.193 [getRedisMessageListenerContainer-1] INFO  io.lettuce.core.KqueueProvider - Starting without optional kqueue library
2019-09-11 09:37:26.853 [main] INFO  org.apache.coyote.http11.Http11NioProtocol - Starting ProtocolHandler ["http-nio-8080"]
2019-09-11 09:37:26.868 [main] INFO  o.s.boot.web.embedded.tomcat.TomcatWebServer - Tomcat started on port(s): 8080 (http) with context path ''
2019-09-11 09:37:26.870 [main] INFO  com.example.excatch.ExcatchApplication - Started ExcatchApplication in 2.496 seconds (JVM running for 3.304)
2019-09-11 09:54:03.119 [http-nio-8080-exec-3] INFO  o.a.c.core.ContainerBase.[Tomcat].[localhost].[/] - Initializing Spring DispatcherServlet 'dispatcherServlet'
2019-09-11 09:54:03.119 [http-nio-8080-exec-3] INFO  org.springframework.web.servlet.DispatcherServlet - Initializing Servlet 'dispatcherServlet'
2019-09-11 09:54:03.123 [http-nio-8080-exec-3] INFO  org.springframework.web.servlet.DispatcherServlet - Completed initialization in 4 ms
2019-09-11 09:54:03.135 [http-nio-8080-exec-3] ERROR com.example.excatch.test.TestService - catch中捕捉2异常
2019-09-11 10:04:49.942 [http-nio-8080-exec-5] ERROR com.example.excatch.test.TestService - catch中捕捉2异常
2019-09-11 10:12:36.035 [http-nio-8080-exec-8] ERROR com.example.excatch.test.TestService - catch中捕捉2异常
2019-09-11 10:15:58.455 [http-nio-8080-exec-1] ERROR com.example.excatch.test.TestService - catch中捕捉2异常
2019-09-11 10:18:36.549 [http-nio-8080-exec-2] ERROR com.example.excatch.test.TestService - catch中捕捉2异常
2019-09-11 10:20:22.584 [lettuce-nioEventLoop-4-2] INFO  io.lettuce.core.protocol.CommandHandler - null Unexpected exception during request: java.io.IOException: 远程主机强迫关闭了一个现有的连接。
java.io.IOException: 远程主机强迫关闭了一个现有的连接。
	at sun.nio.ch.SocketDispatcher.read0(Native Method)
	at sun.nio.ch.SocketDispatcher.read(SocketDispatcher.java:43)
	at sun.nio.ch.IOUtil.readIntoNativeBuffer(IOUtil.java:223)
	at sun.nio.ch.IOUtil.read(IOUtil.java:192)
	at sun.nio.ch.SocketChannelImpl.read(SocketChannelImpl.java:380)
	at io.netty.buffer.PooledByteBuf.setBytes(PooledByteBuf.java:247)
	at io.netty.buffer.AbstractByteBuf.writeBytes(AbstractByteBuf.java:1140)
	at io.netty.channel.socket.nio.NioSocketChannel.doReadBytes(NioSocketChannel.java:347)
	at io.netty.channel.nio.AbstractNioByteChannel$NioByteUnsafe.read(AbstractNioByteChannel.java:148)
	at io.netty.channel.nio.NioEventLoop.processSelectedKey(NioEventLoop.java:697)
	at io.netty.channel.nio.NioEventLoop.processSelectedKeysOptimized(NioEventLoop.java:632)
	at io.netty.channel.nio.NioEventLoop.processSelectedKeys(NioEventLoop.java:549)
	at io.netty.channel.nio.NioEventLoop.run(NioEventLoop.java:511)
	at io.netty.util.concurrent.SingleThreadEventExecutor$5.run(SingleThreadEventExecutor.java:918)
	at io.netty.util.internal.ThreadExecutorMap$2.run(ThreadExecutorMap.java:74)
	at io.netty.util.concurrent.FastThreadLocalRunnable.run(FastThreadLocalRunnable.java:30)
	at java.lang.Thread.run(Thread.java:748)
2019-09-11 10:20:22.584 [lettuce-nioEventLoop-4-1] INFO  io.lettuce.core.protocol.CommandHandler - null Unexpected exception during request: java.io.IOException: 远程主机强迫关闭了一个现有的连接。
java.io.IOException: 远程主机强迫关闭了一个现有的连接。
	at sun.nio.ch.SocketDispatcher.read0(Native Method)
	at sun.nio.ch.SocketDispatcher.read(SocketDispatcher.java:43)
	at sun.nio.ch.IOUtil.readIntoNativeBuffer(IOUtil.java:223)
	at sun.nio.ch.IOUtil.read(IOUtil.java:192)
	at sun.nio.ch.SocketChannelImpl.read(SocketChannelImpl.java:380)
	at io.netty.buffer.PooledByteBuf.setBytes(PooledByteBuf.java:247)
	at io.netty.buffer.AbstractByteBuf.writeBytes(AbstractByteBuf.java:1140)
	at io.netty.channel.socket.nio.NioSocketChannel.doReadBytes(NioSocketChannel.java:347)
	at io.netty.channel.nio.AbstractNioByteChannel$NioByteUnsafe.read(AbstractNioByteChannel.java:148)
	at io.netty.channel.nio.NioEventLoop.processSelectedKey(NioEventLoop.java:697)
	at io.netty.channel.nio.NioEventLoop.processSelectedKeysOptimized(NioEventLoop.java:632)
	at io.netty.channel.nio.NioEventLoop.processSelectedKeys(NioEventLoop.java:549)
	at io.netty.channel.nio.NioEventLoop.run(NioEventLoop.java:511)
	at io.netty.util.concurrent.SingleThreadEventExecutor$5.run(SingleThreadEventExecutor.java:918)
	at io.netty.util.internal.ThreadExecutorMap$2.run(ThreadExecutorMap.java:74)
	at io.netty.util.concurrent.FastThreadLocalRunnable.run(FastThreadLocalRunnable.java:30)
	at java.lang.Thread.run(Thread.java:748)
2019-09-11 10:20:22.689 [lettuce-eventExecutorLoop-1-5] INFO  io.lettuce.core.protocol.ConnectionWatchdog - Reconnecting, last destination was /127.0.0.1:6379
2019-09-11 10:20:22.689 [lettuce-eventExecutorLoop-1-4] INFO  io.lettuce.core.protocol.ConnectionWatchdog - Reconnecting, last destination was /127.0.0.1:6379
2019-09-11 10:20:23.695 [lettuce-nioEventLoop-4-3] WARN  io.lettuce.core.protocol.ConnectionWatchdog - Cannot reconnect: io.netty.channel.AbstractChannel$AnnotatedConnectException: Connection refused: no further information: /127.0.0.1:6379
2019-09-11 10:20:23.695 [lettuce-nioEventLoop-4-4] WARN  io.lettuce.core.protocol.ConnectionWatchdog - Cannot reconnect: io.netty.channel.AbstractChannel$AnnotatedConnectException: Connection refused: no further information: /127.0.0.1:6379
2019-09-11 10:20:28.188 [lettuce-eventExecutorLoop-1-3] INFO  io.lettuce.core.protocol.ConnectionWatchdog - Reconnecting, last destination was 127.0.0.1:6379
2019-09-11 10:20:28.188 [lettuce-eventExecutorLoop-1-2] INFO  io.lettuce.core.protocol.ConnectionWatchdog - Reconnecting, last destination was 127.0.0.1:6379
2019-09-11 10:20:29.197 [lettuce-nioEventLoop-4-1] WARN  io.lettuce.core.protocol.ConnectionWatchdog - Cannot reconnect: io.netty.channel.AbstractChannel$AnnotatedConnectException: Connection refused: no further information: /127.0.0.1:6379
2019-09-11 10:20:29.209 [lettuce-nioEventLoop-4-2] WARN  io.lettuce.core.protocol.ConnectionWatchdog - Cannot reconnect: io.netty.channel.AbstractChannel$AnnotatedConnectException: Connection refused: no further information: /127.0.0.1:6379
2019-09-11 10:20:33.388 [lettuce-eventExecutorLoop-1-11] INFO  io.lettuce.core.protocol.ConnectionWatchdog - Reconnecting, last destination was 127.0.0.1:6379
2019-09-11 10:20:33.388 [lettuce-eventExecutorLoop-1-10] INFO  io.lettuce.core.protocol.ConnectionWatchdog - Reconnecting, last destination was 127.0.0.1:6379
2019-09-11 10:20:34.391 [lettuce-nioEventLoop-4-9] WARN  io.lettuce.core.protocol.ConnectionWatchdog - Cannot reconnect: io.netty.channel.AbstractChannel$AnnotatedConnectException: Connection refused: no further information: /127.0.0.1:6379
2019-09-11 10:20:34.391 [lettuce-nioEventLoop-4-10] WARN  io.lettuce.core.protocol.ConnectionWatchdog - Cannot reconnect: io.netty.channel.AbstractChannel$AnnotatedConnectException: Connection refused: no further information: /127.0.0.1:6379
2019-09-11 10:20:38.587 [lettuce-eventExecutorLoop-1-2] INFO  io.lettuce.core.protocol.ConnectionWatchdog - Reconnecting, last destination was 127.0.0.1:6379
2019-09-11 10:20:38.587 [lettuce-eventExecutorLoop-1-3] INFO  io.lettuce.core.protocol.ConnectionWatchdog - Reconnecting, last destination was 127.0.0.1:6379
2019-09-11 10:20:39.592 [lettuce-nioEventLoop-4-1] WARN  io.lettuce.core.protocol.ConnectionWatchdog - Cannot reconnect: io.netty.channel.AbstractChannel$AnnotatedConnectException: Connection refused: no further information: /127.0.0.1:6379
2019-09-11 10:20:39.592 [lettuce-nioEventLoop-4-2] WARN  io.lettuce.core.protocol.ConnectionWatchdog - Cannot reconnect: io.netty.channel.AbstractChannel$AnnotatedConnectException: Connection refused: no further information: /127.0.0.1:6379
2019-09-11 10:20:43.788 [lettuce-eventExecutorLoop-1-4] INFO  io.lettuce.core.protocol.ConnectionWatchdog - Reconnecting, last destination was 127.0.0.1:6379
2019-09-11 10:20:43.788 [lettuce-eventExecutorLoop-1-5] INFO  io.lettuce.core.protocol.ConnectionWatchdog - Reconnecting, last destination was 127.0.0.1:6379
2019-09-11 10:20:44.795 [lettuce-nioEventLoop-4-3] WARN  io.lettuce.core.protocol.ConnectionWatchdog - Cannot reconnect: io.netty.channel.AbstractChannel$AnnotatedConnectException: Connection refused: no further information: /127.0.0.1:6379
2019-09-11 10:20:44.796 [lettuce-nioEventLoop-4-4] WARN  io.lettuce.core.protocol.ConnectionWatchdog - Cannot reconnect: io.netty.channel.AbstractChannel$AnnotatedConnectException: Connection refused: no further information: /127.0.0.1:6379
2019-09-11 10:20:53.088 [lettuce-eventExecutorLoop-1-6] INFO  io.lettuce.core.protocol.ConnectionWatchdog - Reconnecting, last destination was 127.0.0.1:6379
2019-09-11 10:20:53.088 [lettuce-eventExecutorLoop-1-7] INFO  io.lettuce.core.protocol.ConnectionWatchdog - Reconnecting, last destination was 127.0.0.1:6379
2019-09-11 10:20:54.089 [lettuce-nioEventLoop-4-5] WARN  io.lettuce.core.protocol.ConnectionWatchdog - Cannot reconnect: io.netty.channel.AbstractChannel$AnnotatedConnectException: Connection refused: no further information: /127.0.0.1:6379
2019-09-11 10:20:54.089 [lettuce-nioEventLoop-4-6] WARN  io.lettuce.core.protocol.ConnectionWatchdog - Cannot reconnect: io.netty.channel.AbstractChannel$AnnotatedConnectException: Connection refused: no further information: /127.0.0.1:6379
2019-09-11 10:21:10.488 [lettuce-eventExecutorLoop-1-9] INFO  io.lettuce.core.protocol.ConnectionWatchdog - Reconnecting, last destination was 127.0.0.1:6379
2019-09-11 10:21:10.488 [lettuce-eventExecutorLoop-1-8] INFO  io.lettuce.core.protocol.ConnectionWatchdog - Reconnecting, last destination was 127.0.0.1:6379
2019-09-11 10:21:11.490 [lettuce-nioEventLoop-4-8] WARN  io.lettuce.core.protocol.ConnectionWatchdog - Cannot reconnect: io.netty.channel.AbstractChannel$AnnotatedConnectException: Connection refused: no further information: /127.0.0.1:6379
2019-09-11 10:21:11.490 [lettuce-nioEventLoop-4-7] WARN  io.lettuce.core.protocol.ConnectionWatchdog - Cannot reconnect: io.netty.channel.AbstractChannel$AnnotatedConnectException: Connection refused: no further information: /127.0.0.1:6379
2019-09-11 10:21:41.587 [lettuce-eventExecutorLoop-1-11] INFO  io.lettuce.core.protocol.ConnectionWatchdog - Reconnecting, last destination was 127.0.0.1:6379
2019-09-11 10:21:41.587 [lettuce-eventExecutorLoop-1-10] INFO  io.lettuce.core.protocol.ConnectionWatchdog - Reconnecting, last destination was 127.0.0.1:6379
2019-09-11 10:21:41.590 [lettuce-nioEventLoop-4-9] INFO  io.lettuce.core.protocol.ReconnectionHandler - Reconnected to 127.0.0.1:6379
2019-09-11 10:21:41.590 [lettuce-nioEventLoop-4-10] INFO  io.lettuce.core.protocol.ReconnectionHandler - Reconnected to 127.0.0.1:6379
2019-09-11 10:22:30.180 [http-nio-8080-exec-7] ERROR com.example.excatch.test.TestService - catch中捕捉2异常
2019-09-11 10:22:50.207 [http-nio-8080-exec-8] ERROR com.example.excatch.test.TestService - catch中捕捉2异常
2019-09-11 10:24:01.692 [http-nio-8080-exec-1] ERROR com.example.excatch.test.TestService - catch中捕捉2异常
2019-09-11 10:24:42.511 [http-nio-8080-exec-3] ERROR com.example.excatch.test.TestService - catch中捕捉2异常
2019-09-11 10:28:24.868 [http-nio-8080-exec-5] ERROR com.example.excatch.test.TestService - catch中捕捉2异常
2019-09-11 10:36:14.841 [http-nio-8080-exec-8] ERROR o.a.c.c.C.[.[localhost].[/].[dispatcherServlet] - Servlet.service() for servlet [dispatcherServlet] in context with path [] threw exception [Request processing failed; nested exception is java.lang.ArrayIndexOutOfBoundsException: 2] with root cause
java.lang.ArrayIndexOutOfBoundsException: 2
	at com.example.excatch.test.TestService.test1(TestService.java:27)
	at com.example.excatch.test.TestApi.test1(TestApi.java:31)
	at sun.reflect.NativeMethodAccessorImpl.invoke0(Native Method)
	at sun.reflect.NativeMethodAccessorImpl.invoke(NativeMethodAccessorImpl.java:62)
	at sun.reflect.DelegatingMethodAccessorImpl.invoke(DelegatingMethodAccessorImpl.java:43)
	at java.lang.reflect.Method.invoke(Method.java:498)
	at org.springframework.web.method.support.InvocableHandlerMethod.doInvoke(InvocableHandlerMethod.java:190)
	at org.springframework.web.method.support.InvocableHandlerMethod.invokeForRequest(InvocableHandlerMethod.java:138)
	at org.springframework.web.servlet.mvc.method.annotation.ServletInvocableHandlerMethod.invokeAndHandle(ServletInvocableHandlerMethod.java:104)
	at org.springframework.web.servlet.mvc.method.annotation.RequestMappingHandlerAdapter.invokeHandlerMethod(RequestMappingHandlerAdapter.java:892)
	at org.springframework.web.servlet.mvc.method.annotation.RequestMappingHandlerAdapter.handleInternal(RequestMappingHandlerAdapter.java:797)
	at org.springframework.web.servlet.mvc.method.AbstractHandlerMethodAdapter.handle(AbstractHandlerMethodAdapter.java:87)
	at org.springframework.web.servlet.DispatcherServlet.doDispatch(DispatcherServlet.java:1039)
	at org.springframework.web.servlet.DispatcherServlet.doService(DispatcherServlet.java:942)
	at org.springframework.web.servlet.FrameworkServlet.processRequest(FrameworkServlet.java:1005)
	at org.springframework.web.servlet.FrameworkServlet.doGet(FrameworkServlet.java:897)
	at javax.servlet.http.HttpServlet.service(HttpServlet.java:634)
	at org.springframework.web.servlet.FrameworkServlet.service(FrameworkServlet.java:882)
	at javax.servlet.http.HttpServlet.service(HttpServlet.java:741)
	at org.apache.catalina.core.ApplicationFilterChain.internalDoFilter(ApplicationFilterChain.java:231)
	at org.apache.catalina.core.ApplicationFilterChain.doFilter(ApplicationFilterChain.java:166)
	at org.apache.tomcat.websocket.server.WsFilter.doFilter(WsFilter.java:53)
	at org.apache.catalina.core.ApplicationFilterChain.internalDoFilter(ApplicationFilterChain.java:193)
	at org.apache.catalina.core.ApplicationFilterChain.doFilter(ApplicationFilterChain.java:166)
	at org.springframework.web.filter.RequestContextFilter.doFilterInternal(RequestContextFilter.java:99)
	at org.springframework.web.filter.OncePerRequestFilter.doFilter(OncePerRequestFilter.java:118)
	at org.apache.catalina.core.ApplicationFilterChain.internalDoFilter(ApplicationFilterChain.java:193)
	at org.apache.catalina.core.ApplicationFilterChain.doFilter(ApplicationFilterChain.java:166)
	at org.springframework.web.filter.FormContentFilter.doFilterInternal(FormContentFilter.java:92)
	at org.springframework.web.filter.OncePerRequestFilter.doFilter(OncePerRequestFilter.java:118)
	at org.apache.catalina.core.ApplicationFilterChain.internalDoFilter(ApplicationFilterChain.java:193)
	at org.apache.catalina.core.ApplicationFilterChain.doFilter(ApplicationFilterChain.java:166)
	at org.springframework.web.filter.HiddenHttpMethodFilter.doFilterInternal(HiddenHttpMethodFilter.java:93)
	at org.springframework.web.filter.OncePerRequestFilter.doFilter(OncePerRequestFilter.java:118)
	at org.apache.catalina.core.ApplicationFilterChain.internalDoFilter(ApplicationFilterChain.java:193)
	at org.apache.catalina.core.ApplicationFilterChain.doFilter(ApplicationFilterChain.java:166)
	at org.springframework.web.filter.CharacterEncodingFilter.doFilterInternal(CharacterEncodingFilter.java:200)
	at org.springframework.web.filter.OncePerRequestFilter.doFilter(OncePerRequestFilter.java:118)
	at org.apache.catalina.core.ApplicationFilterChain.internalDoFilter(ApplicationFilterChain.java:193)
	at org.apache.catalina.core.ApplicationFilterChain.doFilter(ApplicationFilterChain.java:166)
	at org.apache.catalina.core.StandardWrapperValve.invoke(StandardWrapperValve.java:202)
	at org.apache.catalina.core.StandardContextValve.invoke(StandardContextValve.java:96)
	at org.apache.catalina.authenticator.AuthenticatorBase.invoke(AuthenticatorBase.java:490)
	at org.apache.catalina.core.StandardHostValve.invoke(StandardHostValve.java:139)
	at org.apache.catalina.valves.ErrorReportValve.invoke(ErrorReportValve.java:92)
	at org.apache.catalina.core.StandardEngineValve.invoke(StandardEngineValve.java:74)
	at org.apache.catalina.connector.CoyoteAdapter.service(CoyoteAdapter.java:343)
	at org.apache.coyote.http11.Http11Processor.service(Http11Processor.java:408)
	at org.apache.coyote.AbstractProcessorLight.process(AbstractProcessorLight.java:66)
	at org.apache.coyote.AbstractProtocol$ConnectionHandler.process(AbstractProtocol.java:853)
	at org.apache.tomcat.util.net.NioEndpoint$SocketProcessor.doRun(NioEndpoint.java:1587)
	at org.apache.tomcat.util.net.SocketProcessorBase.run(SocketProcessorBase.java:49)
	at java.util.concurrent.ThreadPoolExecutor.runWorker(ThreadPoolExecutor.java:1149)
	at java.util.concurrent.ThreadPoolExecutor$Worker.run(ThreadPoolExecutor.java:624)
	at org.apache.tomcat.util.threads.TaskThread$WrappingRunnable.run(TaskThread.java:61)
	at java.lang.Thread.run(Thread.java:748)
2019-09-11 10:36:46.350 [http-nio-8080-exec-10] ERROR com.example.excatch.test.TestService - catch中捕捉2异常
2019-09-11 10:46:30.521 [main] INFO  com.example.excatch.ExcatchApplication - Starting ExcatchApplication on songqd-P1 with PID 3520 (D:\IDEAWorkSpace\excatch\target\classes started by songqd in D:\IDEAWorkSpace\excatch)
2019-09-11 10:46:30.523 [main] INFO  com.example.excatch.ExcatchApplication - No active profile set, falling back to default profiles: default
2019-09-11 10:46:30.901 [main] INFO  o.s.d.r.config.RepositoryConfigurationDelegate - Multiple Spring Data modules found, entering strict repository configuration mode!
2019-09-11 10:46:30.902 [main] INFO  o.s.d.r.config.RepositoryConfigurationDelegate - Bootstrapping Spring Data repositories in DEFAULT mode.
2019-09-11 10:46:30.926 [main] INFO  o.s.d.r.config.RepositoryConfigurationDelegate - Finished Spring Data repository scanning in 11ms. Found 0 repository interfaces.
2019-09-11 10:46:31.239 [main] INFO  o.s.boot.web.embedded.tomcat.TomcatWebServer - Tomcat initialized with port(s): 8080 (http)
2019-09-11 10:46:31.257 [main] INFO  org.apache.coyote.http11.Http11NioProtocol - Initializing ProtocolHandler ["http-nio-8080"]
2019-09-11 10:46:31.262 [main] INFO  org.apache.catalina.core.StandardService - Starting service [Tomcat]
2019-09-11 10:46:31.263 [main] INFO  org.apache.catalina.core.StandardEngine - Starting Servlet engine: [Apache Tomcat/9.0.22]
2019-09-11 10:46:31.267 [main] INFO  org.apache.catalina.core.AprLifecycleListener - Loaded APR based Apache Tomcat Native library [1.2.23] using APR version [1.7.0].
2019-09-11 10:46:31.267 [main] INFO  org.apache.catalina.core.AprLifecycleListener - APR capabilities: IPv6 [true], sendfile [true], accept filters [false], random [true].
2019-09-11 10:46:31.268 [main] INFO  org.apache.catalina.core.AprLifecycleListener - APR/OpenSSL configuration: useAprConnector [false], useOpenSSL [true]
2019-09-11 10:46:31.270 [main] INFO  org.apache.catalina.core.AprLifecycleListener - OpenSSL successfully initialized [OpenSSL 1.1.1c  28 May 2019]
2019-09-11 10:46:31.335 [main] INFO  o.a.c.core.ContainerBase.[Tomcat].[localhost].[/] - Initializing Spring embedded WebApplicationContext
2019-09-11 10:46:31.335 [main] INFO  org.springframework.web.context.ContextLoader - Root WebApplicationContext: initialization completed in 785 ms
2019-09-11 10:46:31.636 [main] INFO  o.s.scheduling.concurrent.ThreadPoolTaskExecutor - Initializing ExecutorService 'applicationTaskExecutor'
2019-09-11 10:46:31.690 [main] WARN  o.s.b.a.t.ThymeleafAutoConfiguration$DefaultTemplateResolverConfiguration - Cannot find template location: classpath:/templates/ (please add some templates or check your Thymeleaf configuration)
2019-09-11 10:46:31.846 [getRedisMessageListenerContainer-1] INFO  io.lettuce.core.EpollProvider - Starting without optional epoll library
2019-09-11 10:46:31.846 [getRedisMessageListenerContainer-1] INFO  io.lettuce.core.KqueueProvider - Starting without optional kqueue library
2019-09-11 10:46:32.414 [main] INFO  org.apache.coyote.http11.Http11NioProtocol - Starting ProtocolHandler ["http-nio-8080"]
2019-09-11 10:46:32.424 [main] INFO  o.s.boot.web.embedded.tomcat.TomcatWebServer - Tomcat started on port(s): 8080 (http) with context path ''
2019-09-11 10:46:32.426 [main] INFO  com.example.excatch.ExcatchApplication - Started ExcatchApplication in 2.119 seconds (JVM running for 2.939)
2019-09-11 10:46:35.859 [http-nio-8080-exec-4] INFO  o.a.c.core.ContainerBase.[Tomcat].[localhost].[/] - Initializing Spring DispatcherServlet 'dispatcherServlet'
2019-09-11 10:46:35.860 [http-nio-8080-exec-4] INFO  org.springframework.web.servlet.DispatcherServlet - Initializing Servlet 'dispatcherServlet'
2019-09-11 10:46:35.863 [http-nio-8080-exec-4] INFO  org.springframework.web.servlet.DispatcherServlet - Completed initialization in 3 ms
2019-09-11 10:46:35.874 [http-nio-8080-exec-4] ERROR com.example.excatch.test.TestService - catch中捕捉2异常
2019-09-11 10:51:33.005 [main] INFO  com.example.excatch.ExcatchApplication - Starting ExcatchApplication on songqd-P1 with PID 14860 (D:\IDEAWorkSpace\excatch\target\classes started by songqd in D:\IDEAWorkSpace\excatch)
2019-09-11 10:51:33.007 [main] INFO  com.example.excatch.ExcatchApplication - No active profile set, falling back to default profiles: default
2019-09-11 10:51:33.428 [main] INFO  o.s.d.r.config.RepositoryConfigurationDelegate - Multiple Spring Data modules found, entering strict repository configuration mode!
2019-09-11 10:51:33.430 [main] INFO  o.s.d.r.config.RepositoryConfigurationDelegate - Bootstrapping Spring Data repositories in DEFAULT mode.
2019-09-11 10:51:33.451 [main] INFO  o.s.d.r.config.RepositoryConfigurationDelegate - Finished Spring Data repository scanning in 12ms. Found 0 repository interfaces.
2019-09-11 10:51:33.752 [main] INFO  o.s.boot.web.embedded.tomcat.TomcatWebServer - Tomcat initialized with port(s): 8080 (http)
2019-09-11 10:51:33.761 [main] INFO  org.apache.coyote.http11.Http11NioProtocol - Initializing ProtocolHandler ["http-nio-8080"]
2019-09-11 10:51:33.766 [main] INFO  org.apache.catalina.core.StandardService - Starting service [Tomcat]
2019-09-11 10:51:33.767 [main] INFO  org.apache.catalina.core.StandardEngine - Starting Servlet engine: [Apache Tomcat/9.0.22]
2019-09-11 10:51:33.771 [main] INFO  org.apache.catalina.core.AprLifecycleListener - Loaded APR based Apache Tomcat Native library [1.2.23] using APR version [1.7.0].
2019-09-11 10:51:33.771 [main] INFO  org.apache.catalina.core.AprLifecycleListener - APR capabilities: IPv6 [true], sendfile [true], accept filters [false], random [true].
2019-09-11 10:51:33.771 [main] INFO  org.apache.catalina.core.AprLifecycleListener - APR/OpenSSL configuration: useAprConnector [false], useOpenSSL [true]
2019-09-11 10:51:33.773 [main] INFO  org.apache.catalina.core.AprLifecycleListener - OpenSSL successfully initialized [OpenSSL 1.1.1c  28 May 2019]
2019-09-11 10:51:33.840 [main] INFO  o.a.c.core.ContainerBase.[Tomcat].[localhost].[/] - Initializing Spring embedded WebApplicationContext
2019-09-11 10:51:33.840 [main] INFO  org.springframework.web.context.ContextLoader - Root WebApplicationContext: initialization completed in 811 ms
2019-09-11 10:51:34.136 [main] INFO  o.s.scheduling.concurrent.ThreadPoolTaskExecutor - Initializing ExecutorService 'applicationTaskExecutor'
2019-09-11 10:51:34.191 [main] WARN  o.s.b.a.t.ThymeleafAutoConfiguration$DefaultTemplateResolverConfiguration - Cannot find template location: classpath:/templates/ (please add some templates or check your Thymeleaf configuration)
2019-09-11 10:51:34.358 [getRedisMessageListenerContainer-1] INFO  io.lettuce.core.EpollProvider - Starting without optional epoll library
2019-09-11 10:51:34.359 [getRedisMessageListenerContainer-1] INFO  io.lettuce.core.KqueueProvider - Starting without optional kqueue library
2019-09-11 10:51:34.921 [main] INFO  org.apache.coyote.http11.Http11NioProtocol - Starting ProtocolHandler ["http-nio-8080"]
2019-09-11 10:51:34.931 [main] INFO  o.s.boot.web.embedded.tomcat.TomcatWebServer - Tomcat started on port(s): 8080 (http) with context path ''
2019-09-11 10:51:34.933 [main] INFO  com.example.excatch.ExcatchApplication - Started ExcatchApplication in 2.14 seconds (JVM running for 2.85)
2019-09-11 10:52:16.946 [http-nio-8080-exec-1] INFO  o.a.c.core.ContainerBase.[Tomcat].[localhost].[/] - Initializing Spring DispatcherServlet 'dispatcherServlet'
2019-09-11 10:52:16.946 [http-nio-8080-exec-1] INFO  org.springframework.web.servlet.DispatcherServlet - Initializing Servlet 'dispatcherServlet'
2019-09-11 10:52:16.950 [http-nio-8080-exec-1] INFO  org.springframework.web.servlet.DispatcherServlet - Completed initialization in 4 ms
2019-09-11 10:52:16.961 [http-nio-8080-exec-1] ERROR com.example.excatch.test.TestService - catch中捕捉2异常
2019-09-11 10:52:36.573 [http-nio-8080-exec-6] ERROR com.example.excatch.test.TestService - catch中捕捉2异常
2019-09-11 14:38:57.742 [main] INFO  com.example.excatch.ExcatchApplication - Starting ExcatchApplication on songqd-P1 with PID 5748 (D:\IDEAWorkSpace\excatch\target\classes started by songqd in D:\IDEAWorkSpace\excatch)
2019-09-11 14:38:57.744 [main] INFO  com.example.excatch.ExcatchApplication - No active profile set, falling back to default profiles: default
2019-09-11 14:38:58.121 [main] INFO  o.s.d.r.config.RepositoryConfigurationDelegate - Multiple Spring Data modules found, entering strict repository configuration mode!
2019-09-11 14:38:58.123 [main] INFO  o.s.d.r.config.RepositoryConfigurationDelegate - Bootstrapping Spring Data repositories in DEFAULT mode.
2019-09-11 14:38:58.144 [main] INFO  o.s.d.r.config.RepositoryConfigurationDelegate - Finished Spring Data repository scanning in 11ms. Found 0 repository interfaces.
2019-09-11 14:38:58.431 [main] INFO  o.s.boot.web.embedded.tomcat.TomcatWebServer - Tomcat initialized with port(s): 8080 (http)
2019-09-11 14:38:58.440 [main] INFO  org.apache.coyote.http11.Http11NioProtocol - Initializing ProtocolHandler ["http-nio-8080"]
2019-09-11 14:38:58.446 [main] INFO  org.apache.catalina.core.StandardService - Starting service [Tomcat]
2019-09-11 14:38:58.446 [main] INFO  org.apache.catalina.core.StandardEngine - Starting Servlet engine: [Apache Tomcat/9.0.22]
2019-09-11 14:38:58.450 [main] INFO  org.apache.catalina.core.AprLifecycleListener - Loaded APR based Apache Tomcat Native library [1.2.23] using APR version [1.7.0].
2019-09-11 14:38:58.450 [main] INFO  org.apache.catalina.core.AprLifecycleListener - APR capabilities: IPv6 [true], sendfile [true], accept filters [false], random [true].
2019-09-11 14:38:58.450 [main] INFO  org.apache.catalina.core.AprLifecycleListener - APR/OpenSSL configuration: useAprConnector [false], useOpenSSL [true]
2019-09-11 14:38:58.453 [main] INFO  org.apache.catalina.core.AprLifecycleListener - OpenSSL successfully initialized [OpenSSL 1.1.1c  28 May 2019]
2019-09-11 14:38:58.522 [main] INFO  o.a.c.core.ContainerBase.[Tomcat].[localhost].[/] - Initializing Spring embedded WebApplicationContext
2019-09-11 14:38:58.522 [main] INFO  org.springframework.web.context.ContextLoader - Root WebApplicationContext: initialization completed in 753 ms
2019-09-11 14:38:58.813 [main] INFO  o.s.scheduling.concurrent.ThreadPoolTaskExecutor - Initializing ExecutorService 'applicationTaskExecutor'
2019-09-11 14:38:58.868 [main] WARN  o.s.b.a.t.ThymeleafAutoConfiguration$DefaultTemplateResolverConfiguration - Cannot find template location: classpath:/templates/ (please add some templates or check your Thymeleaf configuration)
2019-09-11 14:38:59.026 [getRedisMessageListenerContainer-1] INFO  io.lettuce.core.EpollProvider - Starting without optional epoll library
2019-09-11 14:38:59.027 [getRedisMessageListenerContainer-1] INFO  io.lettuce.core.KqueueProvider - Starting without optional kqueue library
2019-09-11 14:38:59.592 [main] INFO  org.apache.coyote.http11.Http11NioProtocol - Starting ProtocolHandler ["http-nio-8080"]
2019-09-11 14:38:59.602 [main] INFO  o.s.boot.web.embedded.tomcat.TomcatWebServer - Tomcat started on port(s): 8080 (http) with context path ''
2019-09-11 14:38:59.604 [main] INFO  com.example.excatch.ExcatchApplication - Started ExcatchApplication in 2.069 seconds (JVM running for 2.8)
2019-09-11 14:41:11.142 [http-nio-8080-exec-2] INFO  o.a.c.core.ContainerBase.[Tomcat].[localhost].[/] - Initializing Spring DispatcherServlet 'dispatcherServlet'
2019-09-11 14:41:11.142 [http-nio-8080-exec-2] INFO  org.springframework.web.servlet.DispatcherServlet - Initializing Servlet 'dispatcherServlet'
2019-09-11 14:41:11.147 [http-nio-8080-exec-2] INFO  org.springframework.web.servlet.DispatcherServlet - Completed initialization in 4 ms
2019-09-11 14:41:11.159 [http-nio-8080-exec-2] ERROR com.example.excatch.test.TestService - catch中捕捉2异常
2019-09-11 15:12:56.568 [http-nio-8080-exec-6] ERROR com.example.excatch.test.TestService - catch中捕捉2异常
2019-09-11 15:17:41.489 [http-nio-8080-exec-8] ERROR com.example.excatch.test.TestService - catch中捕捉2异常
2019-09-11 16:27:15.007 [http-nio-8080-exec-1] ERROR o.a.c.c.C.[.[localhost].[/].[dispatcherServlet] - Servlet.service() for servlet [dispatcherServlet] in context with path [] threw exception [Request processing failed; nested exception is java.lang.ArrayIndexOutOfBoundsException: 2] with root cause
java.lang.ArrayIndexOutOfBoundsException: 2
	at com.example.excatch.test.TestService.test1(TestService.java:27)
	at com.example.excatch.test.TestApi.test1(TestApi.java:31)
	at sun.reflect.NativeMethodAccessorImpl.invoke0(Native Method)
	at sun.reflect.NativeMethodAccessorImpl.invoke(NativeMethodAccessorImpl.java:62)
	at sun.reflect.DelegatingMethodAccessorImpl.invoke(DelegatingMethodAccessorImpl.java:43)
	at java.lang.reflect.Method.invoke(Method.java:498)
	at org.springframework.web.method.support.InvocableHandlerMethod.doInvoke(InvocableHandlerMethod.java:190)
	at org.springframework.web.method.support.InvocableHandlerMethod.invokeForRequest(InvocableHandlerMethod.java:138)
	at org.springframework.web.servlet.mvc.method.annotation.ServletInvocableHandlerMethod.invokeAndHandle(ServletInvocableHandlerMethod.java:104)
	at org.springframework.web.servlet.mvc.method.annotation.RequestMappingHandlerAdapter.invokeHandlerMethod(RequestMappingHandlerAdapter.java:892)
	at org.springframework.web.servlet.mvc.method.annotation.RequestMappingHandlerAdapter.handleInternal(RequestMappingHandlerAdapter.java:797)
	at org.springframework.web.servlet.mvc.method.AbstractHandlerMethodAdapter.handle(AbstractHandlerMethodAdapter.java:87)
	at org.springframework.web.servlet.DispatcherServlet.doDispatch(DispatcherServlet.java:1039)
	at org.springframework.web.servlet.DispatcherServlet.doService(DispatcherServlet.java:942)
	at org.springframework.web.servlet.FrameworkServlet.processRequest(FrameworkServlet.java:1005)
	at org.springframework.web.servlet.FrameworkServlet.doGet(FrameworkServlet.java:897)
	at javax.servlet.http.HttpServlet.service(HttpServlet.java:634)
	at org.springframework.web.servlet.FrameworkServlet.service(FrameworkServlet.java:882)
	at javax.servlet.http.HttpServlet.service(HttpServlet.java:741)
	at org.apache.catalina.core.ApplicationFilterChain.internalDoFilter(ApplicationFilterChain.java:231)
	at org.apache.catalina.core.ApplicationFilterChain.doFilter(ApplicationFilterChain.java:166)
	at org.apache.tomcat.websocket.server.WsFilter.doFilter(WsFilter.java:53)
	at org.apache.catalina.core.ApplicationFilterChain.internalDoFilter(ApplicationFilterChain.java:193)
	at org.apache.catalina.core.ApplicationFilterChain.doFilter(ApplicationFilterChain.java:166)
	at org.springframework.web.filter.RequestContextFilter.doFilterInternal(RequestContextFilter.java:99)
	at org.springframework.web.filter.OncePerRequestFilter.doFilter(OncePerRequestFilter.java:118)
	at org.apache.catalina.core.ApplicationFilterChain.internalDoFilter(ApplicationFilterChain.java:193)
	at org.apache.catalina.core.ApplicationFilterChain.doFilter(ApplicationFilterChain.java:166)
	at org.springframework.web.filter.FormContentFilter.doFilterInternal(FormContentFilter.java:92)
	at org.springframework.web.filter.OncePerRequestFilter.doFilter(OncePerRequestFilter.java:118)
	at org.apache.catalina.core.ApplicationFilterChain.internalDoFilter(ApplicationFilterChain.java:193)
	at org.apache.catalina.core.ApplicationFilterChain.doFilter(ApplicationFilterChain.java:166)
	at org.springframework.web.filter.HiddenHttpMethodFilter.doFilterInternal(HiddenHttpMethodFilter.java:93)
	at org.springframework.web.filter.OncePerRequestFilter.doFilter(OncePerRequestFilter.java:118)
	at org.apache.catalina.core.ApplicationFilterChain.internalDoFilter(ApplicationFilterChain.java:193)
	at org.apache.catalina.core.ApplicationFilterChain.doFilter(ApplicationFilterChain.java:166)
	at org.springframework.web.filter.CharacterEncodingFilter.doFilterInternal(CharacterEncodingFilter.java:200)
	at org.springframework.web.filter.OncePerRequestFilter.doFilter(OncePerRequestFilter.java:118)
	at org.apache.catalina.core.ApplicationFilterChain.internalDoFilter(ApplicationFilterChain.java:193)
	at org.apache.catalina.core.ApplicationFilterChain.doFilter(ApplicationFilterChain.java:166)
	at org.apache.catalina.core.StandardWrapperValve.invoke(StandardWrapperValve.java:202)
	at org.apache.catalina.core.StandardContextValve.invoke(StandardContextValve.java:96)
	at org.apache.catalina.authenticator.AuthenticatorBase.invoke(AuthenticatorBase.java:490)
	at org.apache.catalina.core.StandardHostValve.invoke(StandardHostValve.java:139)
	at org.apache.catalina.valves.ErrorReportValve.invoke(ErrorReportValve.java:92)
	at org.apache.catalina.core.StandardEngineValve.invoke(StandardEngineValve.java:74)
	at org.apache.catalina.connector.CoyoteAdapter.service(CoyoteAdapter.java:343)
	at org.apache.coyote.http11.Http11Processor.service(Http11Processor.java:408)
	at org.apache.coyote.AbstractProcessorLight.process(AbstractProcessorLight.java:66)
	at org.apache.coyote.AbstractProtocol$ConnectionHandler.process(AbstractProtocol.java:853)
	at org.apache.tomcat.util.net.NioEndpoint$SocketProcessor.doRun(NioEndpoint.java:1587)
	at org.apache.tomcat.util.net.SocketProcessorBase.run(SocketProcessorBase.java:49)
	at java.util.concurrent.ThreadPoolExecutor.runWorker(ThreadPoolExecutor.java:1149)
	at java.util.concurrent.ThreadPoolExecutor$Worker.run(ThreadPoolExecutor.java:624)
	at org.apache.tomcat.util.threads.TaskThread$WrappingRunnable.run(TaskThread.java:61)
	at java.lang.Thread.run(Thread.java:748)
2019-09-11 20:11:47.508 [main] INFO  com.example.excatch.ExcatchApplication - Starting ExcatchApplication on songqd-P1 with PID 8948 (D:\IDEAWorkSpace\excatch\target\classes started by songqd in D:\IDEAWorkSpace\excatch)
2019-09-11 20:11:47.510 [main] INFO  com.example.excatch.ExcatchApplication - No active profile set, falling back to default profiles: default
2019-09-11 20:11:47.891 [main] INFO  o.s.d.r.config.RepositoryConfigurationDelegate - Multiple Spring Data modules found, entering strict repository configuration mode!
2019-09-11 20:11:47.892 [main] INFO  o.s.d.r.config.RepositoryConfigurationDelegate - Bootstrapping Spring Data repositories in DEFAULT mode.
2019-09-11 20:11:47.914 [main] INFO  o.s.d.r.config.RepositoryConfigurationDelegate - Finished Spring Data repository scanning in 13ms. Found 0 repository interfaces.
2019-09-11 20:11:48.195 [main] INFO  o.s.boot.web.embedded.tomcat.TomcatWebServer - Tomcat initialized with port(s): 8080 (http)
2019-09-11 20:11:48.211 [main] INFO  org.apache.coyote.http11.Http11NioProtocol - Initializing ProtocolHandler ["http-nio-8080"]
2019-09-11 20:11:48.216 [main] INFO  org.apache.catalina.core.StandardService - Starting service [Tomcat]
2019-09-11 20:11:48.216 [main] INFO  org.apache.catalina.core.StandardEngine - Starting Servlet engine: [Apache Tomcat/9.0.22]
2019-09-11 20:11:48.220 [main] INFO  org.apache.catalina.core.AprLifecycleListener - Loaded APR based Apache Tomcat Native library [1.2.23] using APR version [1.7.0].
2019-09-11 20:11:48.220 [main] INFO  org.apache.catalina.core.AprLifecycleListener - APR capabilities: IPv6 [true], sendfile [true], accept filters [false], random [true].
2019-09-11 20:11:48.220 [main] INFO  org.apache.catalina.core.AprLifecycleListener - APR/OpenSSL configuration: useAprConnector [false], useOpenSSL [true]
2019-09-11 20:11:48.223 [main] INFO  org.apache.catalina.core.AprLifecycleListener - OpenSSL successfully initialized [OpenSSL 1.1.1c  28 May 2019]
2019-09-11 20:11:48.292 [main] INFO  o.a.c.core.ContainerBase.[Tomcat].[localhost].[/] - Initializing Spring embedded WebApplicationContext
2019-09-11 20:11:48.292 [main] INFO  org.springframework.web.context.ContextLoader - Root WebApplicationContext: initialization completed in 754 ms
2019-09-11 20:11:48.586 [main] INFO  o.s.scheduling.concurrent.ThreadPoolTaskExecutor - Initializing ExecutorService 'applicationTaskExecutor'
2019-09-11 20:11:48.641 [main] WARN  o.s.b.a.t.ThymeleafAutoConfiguration$DefaultTemplateResolverConfiguration - Cannot find template location: classpath:/templates/ (please add some templates or check your Thymeleaf configuration)
2019-09-11 20:11:48.796 [getRedisMessageListenerContainer-1] INFO  io.lettuce.core.EpollProvider - Starting without optional epoll library
2019-09-11 20:11:48.797 [getRedisMessageListenerContainer-1] INFO  io.lettuce.core.KqueueProvider - Starting without optional kqueue library
2019-09-11 20:11:49.359 [main] INFO  org.apache.coyote.http11.Http11NioProtocol - Starting ProtocolHandler ["http-nio-8080"]
2019-09-11 20:11:49.369 [main] INFO  o.s.boot.web.embedded.tomcat.TomcatWebServer - Tomcat started on port(s): 8080 (http) with context path ''
2019-09-11 20:11:49.371 [main] INFO  com.example.excatch.ExcatchApplication - Started ExcatchApplication in 2.071 seconds (JVM running for 2.845)
2019-09-11 20:12:24.207 [http-nio-8080-exec-2] INFO  o.a.c.core.ContainerBase.[Tomcat].[localhost].[/] - Initializing Spring DispatcherServlet 'dispatcherServlet'
2019-09-11 20:12:24.208 [http-nio-8080-exec-2] INFO  org.springframework.web.servlet.DispatcherServlet - Initializing Servlet 'dispatcherServlet'
2019-09-11 20:12:24.212 [http-nio-8080-exec-2] INFO  org.springframework.web.servlet.DispatcherServlet - Completed initialization in 4 ms
2019-09-11 20:12:24.229 [http-nio-8080-exec-2] ERROR o.a.c.c.C.[.[localhost].[/].[dispatcherServlet] - Servlet.service() for servlet [dispatcherServlet] in context with path [] threw exception [Request processing failed; nested exception is java.lang.ArrayIndexOutOfBoundsException: 2] with root cause
java.lang.ArrayIndexOutOfBoundsException: 2
	at com.example.excatch.test.TestService.test1(TestService.java:27)
	at com.example.excatch.test.TestApi.test1(TestApi.java:31)
	at sun.reflect.NativeMethodAccessorImpl.invoke0(Native Method)
	at sun.reflect.NativeMethodAccessorImpl.invoke(NativeMethodAccessorImpl.java:62)
	at sun.reflect.DelegatingMethodAccessorImpl.invoke(DelegatingMethodAccessorImpl.java:43)
	at java.lang.reflect.Method.invoke(Method.java:498)
	at org.springframework.web.method.support.InvocableHandlerMethod.doInvoke(InvocableHandlerMethod.java:190)
	at org.springframework.web.method.support.InvocableHandlerMethod.invokeForRequest(InvocableHandlerMethod.java:138)
	at org.springframework.web.servlet.mvc.method.annotation.ServletInvocableHandlerMethod.invokeAndHandle(ServletInvocableHandlerMethod.java:104)
	at org.springframework.web.servlet.mvc.method.annotation.RequestMappingHandlerAdapter.invokeHandlerMethod(RequestMappingHandlerAdapter.java:892)
	at org.springframework.web.servlet.mvc.method.annotation.RequestMappingHandlerAdapter.handleInternal(RequestMappingHandlerAdapter.java:797)
	at org.springframework.web.servlet.mvc.method.AbstractHandlerMethodAdapter.handle(AbstractHandlerMethodAdapter.java:87)
	at org.springframework.web.servlet.DispatcherServlet.doDispatch(DispatcherServlet.java:1039)
	at org.springframework.web.servlet.DispatcherServlet.doService(DispatcherServlet.java:942)
	at org.springframework.web.servlet.FrameworkServlet.processRequest(FrameworkServlet.java:1005)
	at org.springframework.web.servlet.FrameworkServlet.doGet(FrameworkServlet.java:897)
	at javax.servlet.http.HttpServlet.service(HttpServlet.java:634)
	at org.springframework.web.servlet.FrameworkServlet.service(FrameworkServlet.java:882)
	at javax.servlet.http.HttpServlet.service(HttpServlet.java:741)
	at org.apache.catalina.core.ApplicationFilterChain.internalDoFilter(ApplicationFilterChain.java:231)
	at org.apache.catalina.core.ApplicationFilterChain.doFilter(ApplicationFilterChain.java:166)
	at org.apache.tomcat.websocket.server.WsFilter.doFilter(WsFilter.java:53)
	at org.apache.catalina.core.ApplicationFilterChain.internalDoFilter(ApplicationFilterChain.java:193)
	at org.apache.catalina.core.ApplicationFilterChain.doFilter(ApplicationFilterChain.java:166)
	at org.springframework.web.filter.RequestContextFilter.doFilterInternal(RequestContextFilter.java:99)
	at org.springframework.web.filter.OncePerRequestFilter.doFilter(OncePerRequestFilter.java:118)
	at org.apache.catalina.core.ApplicationFilterChain.internalDoFilter(ApplicationFilterChain.java:193)
	at org.apache.catalina.core.ApplicationFilterChain.doFilter(ApplicationFilterChain.java:166)
	at org.springframework.web.filter.FormContentFilter.doFilterInternal(FormContentFilter.java:92)
	at org.springframework.web.filter.OncePerRequestFilter.doFilter(OncePerRequestFilter.java:118)
	at org.apache.catalina.core.ApplicationFilterChain.internalDoFilter(ApplicationFilterChain.java:193)
	at org.apache.catalina.core.ApplicationFilterChain.doFilter(ApplicationFilterChain.java:166)
	at org.springframework.web.filter.HiddenHttpMethodFilter.doFilterInternal(HiddenHttpMethodFilter.java:93)
	at org.springframework.web.filter.OncePerRequestFilter.doFilter(OncePerRequestFilter.java:118)
	at org.apache.catalina.core.ApplicationFilterChain.internalDoFilter(ApplicationFilterChain.java:193)
	at org.apache.catalina.core.ApplicationFilterChain.doFilter(ApplicationFilterChain.java:166)
	at org.springframework.web.filter.CharacterEncodingFilter.doFilterInternal(CharacterEncodingFilter.java:200)
	at org.springframework.web.filter.OncePerRequestFilter.doFilter(OncePerRequestFilter.java:118)
	at org.apache.catalina.core.ApplicationFilterChain.internalDoFilter(ApplicationFilterChain.java:193)
	at org.apache.catalina.core.ApplicationFilterChain.doFilter(ApplicationFilterChain.java:166)
	at org.apache.catalina.core.StandardWrapperValve.invoke(StandardWrapperValve.java:202)
	at org.apache.catalina.core.StandardContextValve.invoke(StandardContextValve.java:96)
	at org.apache.catalina.authenticator.AuthenticatorBase.invoke(AuthenticatorBase.java:490)
	at org.apache.catalina.core.StandardHostValve.invoke(StandardHostValve.java:139)
	at org.apache.catalina.valves.ErrorReportValve.invoke(ErrorReportValve.java:92)
	at org.apache.catalina.core.StandardEngineValve.invoke(StandardEngineValve.java:74)
	at org.apache.catalina.connector.CoyoteAdapter.service(CoyoteAdapter.java:343)
	at org.apache.coyote.http11.Http11Processor.service(Http11Processor.java:408)
	at org.apache.coyote.AbstractProcessorLight.process(AbstractProcessorLight.java:66)
	at org.apache.coyote.AbstractProtocol$ConnectionHandler.process(AbstractProtocol.java:853)
	at org.apache.tomcat.util.net.NioEndpoint$SocketProcessor.doRun(NioEndpoint.java:1587)
	at org.apache.tomcat.util.net.SocketProcessorBase.run(SocketProcessorBase.java:49)
	at java.util.concurrent.ThreadPoolExecutor.runWorker(ThreadPoolExecutor.java:1149)
	at java.util.concurrent.ThreadPoolExecutor$Worker.run(ThreadPoolExecutor.java:624)
	at org.apache.tomcat.util.threads.TaskThread$WrappingRunnable.run(TaskThread.java:61)
	at java.lang.Thread.run(Thread.java:748)
2019-09-11 20:27:04.644 [http-nio-8080-exec-8] ERROR com.example.excatch.test.TestService - catch中捕捉2异常
2019-09-11 20:27:04.666 [http-nio-8080-exec-5] ERROR com.example.excatch.test.TestService - catch中捕捉2异常
2019-09-11 20:27:04.685 [http-nio-8080-exec-3] ERROR com.example.excatch.test.TestService - catch中捕捉2异常
2019-09-11 20:27:04.702 [http-nio-8080-exec-7] ERROR com.example.excatch.test.TestService - catch中捕捉2异常
2019-09-11 20:27:04.716 [http-nio-8080-exec-4] ERROR com.example.excatch.test.TestService - catch中捕捉2异常
2019-09-11 20:27:04.733 [http-nio-8080-exec-9] ERROR com.example.excatch.test.TestService - catch中捕捉2异常
2019-09-11 20:27:04.750 [http-nio-8080-exec-10] ERROR com.example.excatch.test.TestService - catch中捕捉2异常
2019-09-11 20:27:04.768 [http-nio-8080-exec-1] ERROR com.example.excatch.test.TestService - catch中捕捉2异常
2019-09-11 20:27:04.782 [http-nio-8080-exec-2] ERROR com.example.excatch.test.TestService - catch中捕捉2异常
2019-09-11 20:27:04.798 [http-nio-8080-exec-6] ERROR com.example.excatch.test.TestService - catch中捕捉2异常
2019-09-11 20:31:09.895 [http-nio-8080-exec-3] ERROR com.example.excatch.test.TestService - catch中捕捉2异常
2019-09-11 20:31:09.915 [http-nio-8080-exec-7] ERROR com.example.excatch.test.TestService - catch中捕捉2异常
2019-09-11 20:31:09.932 [http-nio-8080-exec-4] ERROR com.example.excatch.test.TestService - catch中捕捉2异常
2019-09-11 20:31:09.947 [http-nio-8080-exec-9] ERROR com.example.excatch.test.TestService - catch中捕捉2异常
2019-09-11 20:31:09.966 [http-nio-8080-exec-10] ERROR com.example.excatch.test.TestService - catch中捕捉2异常
2019-09-11 20:31:09.981 [http-nio-8080-exec-1] ERROR com.example.excatch.test.TestService - catch中捕捉2异常
2019-09-11 20:31:09.999 [http-nio-8080-exec-2] ERROR com.example.excatch.test.TestService - catch中捕捉2异常
2019-09-11 20:31:10.014 [http-nio-8080-exec-6] ERROR com.example.excatch.test.TestService - catch中捕捉2异常
2019-09-11 20:31:10.029 [http-nio-8080-exec-8] ERROR com.example.excatch.test.TestService - catch中捕捉2异常
2019-09-11 20:31:10.047 [http-nio-8080-exec-5] ERROR com.example.excatch.test.TestService - catch中捕捉2异常
2019-09-11 20:31:10.061 [http-nio-8080-exec-3] ERROR com.example.excatch.test.TestService - catch中捕捉2异常
2019-09-11 20:31:10.080 [http-nio-8080-exec-7] ERROR com.example.excatch.test.TestService - catch中捕捉2异常
2019-09-11 20:31:10.095 [http-nio-8080-exec-4] ERROR com.example.excatch.test.TestService - catch中捕捉2异常
2019-09-11 20:31:10.111 [http-nio-8080-exec-9] ERROR com.example.excatch.test.TestService - catch中捕捉2异常
2019-09-11 20:31:10.123 [http-nio-8080-exec-10] ERROR com.example.excatch.test.TestService - catch中捕捉2异常
2019-09-11 20:31:10.138 [http-nio-8080-exec-1] ERROR com.example.excatch.test.TestService - catch中捕捉2异常
2019-09-11 20:31:10.151 [http-nio-8080-exec-2] ERROR com.example.excatch.test.TestService - catch中捕捉2异常
2019-09-11 20:31:10.165 [http-nio-8080-exec-6] ERROR com.example.excatch.test.TestService - catch中捕捉2异常
2019-09-11 20:31:10.181 [http-nio-8080-exec-8] ERROR com.example.excatch.test.TestService - catch中捕捉2异常
2019-09-11 20:31:10.195 [http-nio-8080-exec-5] ERROR com.example.excatch.test.TestService - catch中捕捉2异常
2019-09-11 20:31:10.211 [http-nio-8080-exec-3] ERROR com.example.excatch.test.TestService - catch中捕捉2异常
2019-09-11 20:31:10.227 [http-nio-8080-exec-7] ERROR com.example.excatch.test.TestService - catch中捕捉2异常
2019-09-11 20:31:10.240 [http-nio-8080-exec-4] ERROR com.example.excatch.test.TestService - catch中捕捉2异常
2019-09-11 20:31:10.254 [http-nio-8080-exec-9] ERROR com.example.excatch.test.TestService - catch中捕捉2异常
2019-09-11 20:31:10.268 [http-nio-8080-exec-10] ERROR com.example.excatch.test.TestService - catch中捕捉2异常
2019-09-11 20:31:10.286 [http-nio-8080-exec-1] ERROR com.example.excatch.test.TestService - catch中捕捉2异常
2019-09-11 20:31:10.300 [http-nio-8080-exec-2] ERROR com.example.excatch.test.TestService - catch中捕捉2异常
2019-09-11 20:31:10.314 [http-nio-8080-exec-6] ERROR com.example.excatch.test.TestService - catch中捕捉2异常
2019-09-11 20:31:10.329 [http-nio-8080-exec-8] ERROR com.example.excatch.test.TestService - catch中捕捉2异常
2019-09-11 20:31:10.343 [http-nio-8080-exec-5] ERROR com.example.excatch.test.TestService - catch中捕捉2异常
2019-09-11 20:35:04.156 [http-nio-8080-exec-4] ERROR com.example.excatch.test.TestService - catch中捕捉2异常
2019-09-11 20:35:04.168 [http-nio-8080-exec-9] ERROR com.example.excatch.test.TestService - catch中捕捉2异常
2019-09-11 20:35:04.183 [http-nio-8080-exec-10] ERROR com.example.excatch.test.TestService - catch中捕捉2异常
2019-09-11 20:35:04.197 [http-nio-8080-exec-1] ERROR com.example.excatch.test.TestService - catch中捕捉2异常
2019-09-11 20:35:04.212 [http-nio-8080-exec-2] ERROR com.example.excatch.test.TestService - catch中捕捉2异常
2019-09-11 20:35:04.227 [http-nio-8080-exec-6] ERROR com.example.excatch.test.TestService - catch中捕捉2异常
2019-09-11 20:35:04.242 [http-nio-8080-exec-8] ERROR com.example.excatch.test.TestService - catch中捕捉2异常
2019-09-11 20:35:04.259 [http-nio-8080-exec-5] ERROR com.example.excatch.test.TestService - catch中捕捉2异常
2019-09-11 20:35:04.272 [http-nio-8080-exec-3] ERROR com.example.excatch.test.TestService - catch中捕捉2异常
2019-09-11 20:35:04.286 [http-nio-8080-exec-7] ERROR com.example.excatch.test.TestService - catch中捕捉2异常
2019-09-11 20:35:04.303 [http-nio-8080-exec-4] ERROR com.example.excatch.test.TestService - catch中捕捉2异常
2019-09-11 20:35:04.319 [http-nio-8080-exec-9] ERROR com.example.excatch.test.TestService - catch中捕捉2异常
2019-09-11 20:35:04.335 [http-nio-8080-exec-10] ERROR com.example.excatch.test.TestService - catch中捕捉2异常
2019-09-11 20:35:04.351 [http-nio-8080-exec-1] ERROR com.example.excatch.test.TestService - catch中捕捉2异常
2019-09-11 20:35:04.368 [http-nio-8080-exec-2] ERROR com.example.excatch.test.TestService - catch中捕捉2异常
2019-09-11 20:35:04.385 [http-nio-8080-exec-6] ERROR com.example.excatch.test.TestService - catch中捕捉2异常
2019-09-11 20:35:04.401 [http-nio-8080-exec-8] ERROR com.example.excatch.test.TestService - catch中捕捉2异常
2019-09-11 20:35:04.418 [http-nio-8080-exec-5] ERROR com.example.excatch.test.TestService - catch中捕捉2异常
2019-09-11 20:35:04.431 [http-nio-8080-exec-3] ERROR com.example.excatch.test.TestService - catch中捕捉2异常
2019-09-11 20:35:04.447 [http-nio-8080-exec-7] ERROR com.example.excatch.test.TestService - catch中捕捉2异常
2019-09-11 20:35:04.461 [http-nio-8080-exec-4] ERROR com.example.excatch.test.TestService - catch中捕捉2异常
2019-09-11 20:35:04.477 [http-nio-8080-exec-9] ERROR com.example.excatch.test.TestService - catch中捕捉2异常
2019-09-11 20:35:04.493 [http-nio-8080-exec-10] ERROR com.example.excatch.test.TestService - catch中捕捉2异常
2019-09-11 20:35:04.507 [http-nio-8080-exec-1] ERROR com.example.excatch.test.TestService - catch中捕捉2异常
2019-09-11 20:35:04.524 [http-nio-8080-exec-2] ERROR com.example.excatch.test.TestService - catch中捕捉2异常
2019-09-11 20:35:04.537 [http-nio-8080-exec-6] ERROR com.example.excatch.test.TestService - catch中捕捉2异常
2019-09-11 20:35:04.548 [http-nio-8080-exec-8] ERROR com.example.excatch.test.TestService - catch中捕捉2异常
2019-09-11 20:35:04.560 [http-nio-8080-exec-5] ERROR com.example.excatch.test.TestService - catch中捕捉2异常
2019-09-11 20:35:04.573 [http-nio-8080-exec-3] ERROR com.example.excatch.test.TestService - catch中捕捉2异常
2019-09-11 20:35:04.584 [http-nio-8080-exec-7] ERROR com.example.excatch.test.TestService - catch中捕捉2异常
2019-09-11 20:35:04.600 [http-nio-8080-exec-4] ERROR com.example.excatch.test.TestService - catch中捕捉2异常
2019-09-11 20:35:04.615 [http-nio-8080-exec-9] ERROR com.example.excatch.test.TestService - catch中捕捉2异常
2019-09-11 20:35:04.629 [http-nio-8080-exec-10] ERROR com.example.excatch.test.TestService - catch中捕捉2异常
2019-09-11 20:35:04.642 [http-nio-8080-exec-1] ERROR com.example.excatch.test.TestService - catch中捕捉2异常
2019-09-11 20:35:04.660 [http-nio-8080-exec-2] ERROR com.example.excatch.test.TestService - catch中捕捉2异常
2019-09-11 20:35:04.673 [http-nio-8080-exec-6] ERROR com.example.excatch.test.TestService - catch中捕捉2异常
2019-09-11 20:35:04.688 [http-nio-8080-exec-8] ERROR com.example.excatch.test.TestService - catch中捕捉2异常
2019-09-11 20:35:04.704 [http-nio-8080-exec-5] ERROR com.example.excatch.test.TestService - catch中捕捉2异常
2019-09-11 20:35:04.721 [http-nio-8080-exec-3] ERROR com.example.excatch.test.TestService - catch中捕捉2异常
2019-09-11 20:35:04.735 [http-nio-8080-exec-7] ERROR com.example.excatch.test.TestService - catch中捕捉2异常
2019-09-11 20:35:04.748 [http-nio-8080-exec-4] ERROR com.example.excatch.test.TestService - catch中捕捉2异常
2019-09-11 20:35:04.763 [http-nio-8080-exec-9] ERROR com.example.excatch.test.TestService - catch中捕捉2异常
2019-09-11 20:35:04.778 [http-nio-8080-exec-10] ERROR com.example.excatch.test.TestService - catch中捕捉2异常
2019-09-11 20:35:04.794 [http-nio-8080-exec-1] ERROR com.example.excatch.test.TestService - catch中捕捉2异常
2019-09-11 20:35:04.808 [http-nio-8080-exec-2] ERROR com.example.excatch.test.TestService - catch中捕捉2异常
2019-09-11 20:35:04.825 [http-nio-8080-exec-6] ERROR com.example.excatch.test.TestService - catch中捕捉2异常
2019-09-11 20:35:04.841 [http-nio-8080-exec-8] ERROR com.example.excatch.test.TestService - catch中捕捉2异常
2019-09-11 20:35:04.857 [http-nio-8080-exec-5] ERROR com.example.excatch.test.TestService - catch中捕捉2异常
2019-09-11 20:35:04.870 [http-nio-8080-exec-3] ERROR com.example.excatch.test.TestService - catch中捕捉2异常
2019-09-11 20:35:04.882 [http-nio-8080-exec-7] ERROR com.example.excatch.test.TestService - catch中捕捉2异常
2019-09-11 20:38:44.182 [http-nio-8080-exec-10] ERROR com.example.excatch.test.TestService - catch中捕捉2异常
2019-09-11 20:38:44.196 [http-nio-8080-exec-1] ERROR com.example.excatch.test.TestService - catch中捕捉2异常
2019-09-11 20:38:44.210 [http-nio-8080-exec-2] ERROR com.example.excatch.test.TestService - catch中捕捉2异常
2019-09-11 20:38:44.224 [http-nio-8080-exec-6] ERROR com.example.excatch.test.TestService - catch中捕捉2异常
2019-09-11 20:38:44.239 [http-nio-8080-exec-8] ERROR com.example.excatch.test.TestService - catch中捕捉2异常
2019-09-11 20:38:44.254 [http-nio-8080-exec-5] ERROR com.example.excatch.test.TestService - catch中捕捉2异常
2019-09-11 20:38:44.268 [http-nio-8080-exec-3] ERROR com.example.excatch.test.TestService - catch中捕捉2异常
2019-09-11 20:38:44.283 [http-nio-8080-exec-7] ERROR com.example.excatch.test.TestService - catch中捕捉2异常
2019-09-11 20:38:44.300 [http-nio-8080-exec-4] ERROR com.example.excatch.test.TestService - catch中捕捉2异常
2019-09-11 20:38:44.318 [http-nio-8080-exec-9] ERROR com.example.excatch.test.TestService - catch中捕捉2异常
2019-09-11 20:38:44.336 [http-nio-8080-exec-10] ERROR com.example.excatch.test.TestService - catch中捕捉2异常
2019-09-11 20:38:44.351 [http-nio-8080-exec-1] ERROR com.example.excatch.test.TestService - catch中捕捉2异常
2019-09-11 20:38:44.366 [http-nio-8080-exec-2] ERROR com.example.excatch.test.TestService - catch中捕捉2异常
2019-09-11 20:38:44.382 [http-nio-8080-exec-6] ERROR com.example.excatch.test.TestService - catch中捕捉2异常
2019-09-11 20:38:44.400 [http-nio-8080-exec-8] ERROR com.example.excatch.test.TestService - catch中捕捉2异常
2019-09-11 20:38:44.414 [http-nio-8080-exec-5] ERROR com.example.excatch.test.TestService - catch中捕捉2异常
2019-09-11 20:38:44.432 [http-nio-8080-exec-3] ERROR com.example.excatch.test.TestService - catch中捕捉2异常
2019-09-11 20:38:44.447 [http-nio-8080-exec-7] ERROR com.example.excatch.test.TestService - catch中捕捉2异常
2019-09-11 20:38:44.459 [http-nio-8080-exec-4] ERROR com.example.excatch.test.TestService - catch中捕捉2异常
2019-09-11 20:38:44.470 [http-nio-8080-exec-9] ERROR com.example.excatch.test.TestService - catch中捕捉2异常
2019-09-11 20:38:44.483 [http-nio-8080-exec-10] ERROR com.example.excatch.test.TestService - catch中捕捉2异常
2019-09-11 20:38:44.496 [http-nio-8080-exec-1] ERROR com.example.excatch.test.TestService - catch中捕捉2异常
2019-09-11 20:38:44.510 [http-nio-8080-exec-2] ERROR com.example.excatch.test.TestService - catch中捕捉2异常
2019-09-11 20:38:44.523 [http-nio-8080-exec-6] ERROR com.example.excatch.test.TestService - catch中捕捉2异常
2019-09-11 20:38:44.540 [http-nio-8080-exec-8] ERROR com.example.excatch.test.TestService - catch中捕捉2异常
2019-09-11 20:38:44.554 [http-nio-8080-exec-5] ERROR com.example.excatch.test.TestService - catch中捕捉2异常
2019-09-11 20:38:44.569 [http-nio-8080-exec-3] ERROR com.example.excatch.test.TestService - catch中捕捉2异常
2019-09-11 20:38:44.587 [http-nio-8080-exec-7] ERROR com.example.excatch.test.TestService - catch中捕捉2异常
2019-09-11 20:38:44.605 [http-nio-8080-exec-4] ERROR com.example.excatch.test.TestService - catch中捕捉2异常
2019-09-11 20:38:44.619 [http-nio-8080-exec-9] ERROR com.example.excatch.test.TestService - catch中捕捉2异常
2019-09-11 20:38:44.634 [http-nio-8080-exec-10] ERROR com.example.excatch.test.TestService - catch中捕捉2异常
2019-09-11 20:38:44.649 [http-nio-8080-exec-1] ERROR com.example.excatch.test.TestService - catch中捕捉2异常
2019-09-11 20:38:44.663 [http-nio-8080-exec-2] ERROR com.example.excatch.test.TestService - catch中捕捉2异常
2019-09-11 20:38:44.678 [http-nio-8080-exec-6] ERROR com.example.excatch.test.TestService - catch中捕捉2异常
2019-09-11 20:38:44.693 [http-nio-8080-exec-8] ERROR com.example.excatch.test.TestService - catch中捕捉2异常
2019-09-11 20:38:44.708 [http-nio-8080-exec-5] ERROR com.example.excatch.test.TestService - catch中捕捉2异常
2019-09-11 20:38:44.727 [http-nio-8080-exec-3] ERROR com.example.excatch.test.TestService - catch中捕捉2异常
2019-09-11 20:38:44.741 [http-nio-8080-exec-7] ERROR com.example.excatch.test.TestService - catch中捕捉2异常
2019-09-11 20:38:44.755 [http-nio-8080-exec-4] ERROR com.example.excatch.test.TestService - catch中捕捉2异常
2019-09-11 20:38:44.770 [http-nio-8080-exec-9] ERROR com.example.excatch.test.TestService - catch中捕捉2异常
2019-09-11 20:38:44.783 [http-nio-8080-exec-10] ERROR com.example.excatch.test.TestService - catch中捕捉2异常
2019-09-11 20:38:44.798 [http-nio-8080-exec-1] ERROR com.example.excatch.test.TestService - catch中捕捉2异常
2019-09-11 20:38:44.810 [http-nio-8080-exec-2] ERROR com.example.excatch.test.TestService - catch中捕捉2异常
2019-09-11 20:38:44.822 [http-nio-8080-exec-6] ERROR com.example.excatch.test.TestService - catch中捕捉2异常
2019-09-11 20:38:44.836 [http-nio-8080-exec-8] ERROR com.example.excatch.test.TestService - catch中捕捉2异常
2019-09-11 20:38:44.847 [http-nio-8080-exec-5] ERROR com.example.excatch.test.TestService - catch中捕捉2异常
2019-09-11 20:38:44.859 [http-nio-8080-exec-3] ERROR com.example.excatch.test.TestService - catch中捕捉2异常
2019-09-11 20:38:44.872 [http-nio-8080-exec-7] ERROR com.example.excatch.test.TestService - catch中捕捉2异常
2019-09-11 20:38:44.888 [http-nio-8080-exec-4] ERROR com.example.excatch.test.TestService - catch中捕捉2异常
2019-09-11 20:38:44.905 [http-nio-8080-exec-9] ERROR com.example.excatch.test.TestService - catch中捕捉2异常
2019-09-11 20:38:44.922 [http-nio-8080-exec-10] ERROR com.example.excatch.test.TestService - catch中捕捉2异常
2019-09-11 20:38:44.938 [http-nio-8080-exec-1] ERROR com.example.excatch.test.TestService - catch中捕捉2异常
2019-09-11 20:38:44.951 [http-nio-8080-exec-2] ERROR com.example.excatch.test.TestService - catch中捕捉2异常
2019-09-11 20:38:44.965 [http-nio-8080-exec-6] ERROR com.example.excatch.test.TestService - catch中捕捉2异常
2019-09-11 20:38:44.979 [http-nio-8080-exec-8] ERROR com.example.excatch.test.TestService - catch中捕捉2异常
2019-09-11 20:38:44.993 [http-nio-8080-exec-5] ERROR com.example.excatch.test.TestService - catch中捕捉2异常
2019-09-11 20:38:45.008 [http-nio-8080-exec-3] ERROR com.example.excatch.test.TestService - catch中捕捉2异常
2019-09-11 20:38:45.023 [http-nio-8080-exec-7] ERROR com.example.excatch.test.TestService - catch中捕捉2异常
2019-09-11 20:38:45.037 [http-nio-8080-exec-4] ERROR com.example.excatch.test.TestService - catch中捕捉2异常
2019-09-11 20:38:45.052 [http-nio-8080-exec-9] ERROR com.example.excatch.test.TestService - catch中捕捉2异常
2019-09-11 21:26:54.162 [lettuce-nioEventLoop-4-2] INFO  io.lettuce.core.protocol.CommandHandler - null Unexpected exception during request: java.io.IOException: 远程主机强迫关闭了一个现有的连接。
java.io.IOException: 远程主机强迫关闭了一个现有的连接。
	at sun.nio.ch.SocketDispatcher.read0(Native Method)
	at sun.nio.ch.SocketDispatcher.read(SocketDispatcher.java:43)
	at sun.nio.ch.IOUtil.readIntoNativeBuffer(IOUtil.java:223)
	at sun.nio.ch.IOUtil.read(IOUtil.java:192)
	at sun.nio.ch.SocketChannelImpl.read(SocketChannelImpl.java:380)
	at io.netty.buffer.PooledByteBuf.setBytes(PooledByteBuf.java:247)
	at io.netty.buffer.AbstractByteBuf.writeBytes(AbstractByteBuf.java:1140)
	at io.netty.channel.socket.nio.NioSocketChannel.doReadBytes(NioSocketChannel.java:347)
	at io.netty.channel.nio.AbstractNioByteChannel$NioByteUnsafe.read(AbstractNioByteChannel.java:148)
	at io.netty.channel.nio.NioEventLoop.processSelectedKey(NioEventLoop.java:697)
	at io.netty.channel.nio.NioEventLoop.processSelectedKeysOptimized(NioEventLoop.java:632)
	at io.netty.channel.nio.NioEventLoop.processSelectedKeys(NioEventLoop.java:549)
	at io.netty.channel.nio.NioEventLoop.run(NioEventLoop.java:511)
	at io.netty.util.concurrent.SingleThreadEventExecutor$5.run(SingleThreadEventExecutor.java:918)
	at io.netty.util.internal.ThreadExecutorMap$2.run(ThreadExecutorMap.java:74)
	at io.netty.util.concurrent.FastThreadLocalRunnable.run(FastThreadLocalRunnable.java:30)
	at java.lang.Thread.run(Thread.java:748)
2019-09-11 21:26:54.162 [lettuce-nioEventLoop-4-1] INFO  io.lettuce.core.protocol.CommandHandler - null Unexpected exception during request: java.io.IOException: 远程主机强迫关闭了一个现有的连接。
java.io.IOException: 远程主机强迫关闭了一个现有的连接。
	at sun.nio.ch.SocketDispatcher.read0(Native Method)
	at sun.nio.ch.SocketDispatcher.read(SocketDispatcher.java:43)
	at sun.nio.ch.IOUtil.readIntoNativeBuffer(IOUtil.java:223)
	at sun.nio.ch.IOUtil.read(IOUtil.java:192)
	at sun.nio.ch.SocketChannelImpl.read(SocketChannelImpl.java:380)
	at io.netty.buffer.PooledByteBuf.setBytes(PooledByteBuf.java:247)
	at io.netty.buffer.AbstractByteBuf.writeBytes(AbstractByteBuf.java:1140)
	at io.netty.channel.socket.nio.NioSocketChannel.doReadBytes(NioSocketChannel.java:347)
	at io.netty.channel.nio.AbstractNioByteChannel$NioByteUnsafe.read(AbstractNioByteChannel.java:148)
	at io.netty.channel.nio.NioEventLoop.processSelectedKey(NioEventLoop.java:697)
	at io.netty.channel.nio.NioEventLoop.processSelectedKeysOptimized(NioEventLoop.java:632)
	at io.netty.channel.nio.NioEventLoop.processSelectedKeys(NioEventLoop.java:549)
	at io.netty.channel.nio.NioEventLoop.run(NioEventLoop.java:511)
	at io.netty.util.concurrent.SingleThreadEventExecutor$5.run(SingleThreadEventExecutor.java:918)
	at io.netty.util.internal.ThreadExecutorMap$2.run(ThreadExecutorMap.java:74)
	at io.netty.util.concurrent.FastThreadLocalRunnable.run(FastThreadLocalRunnable.java:30)
	at java.lang.Thread.run(Thread.java:748)
2019-09-11 21:26:54.267 [lettuce-eventExecutorLoop-1-4] INFO  io.lettuce.core.protocol.ConnectionWatchdog - Reconnecting, last destination was /127.0.0.1:6379
2019-09-11 21:26:54.267 [lettuce-eventExecutorLoop-1-5] INFO  io.lettuce.core.protocol.ConnectionWatchdog - Reconnecting, last destination was /127.0.0.1:6379
2019-09-11 21:26:55.272 [lettuce-nioEventLoop-4-3] WARN  io.lettuce.core.protocol.ConnectionWatchdog - Cannot reconnect: io.netty.channel.AbstractChannel$AnnotatedConnectException: Connection refused: no further information: /127.0.0.1:6379
2019-09-11 21:26:55.272 [lettuce-nioEventLoop-4-4] WARN  io.lettuce.core.protocol.ConnectionWatchdog - Cannot reconnect: io.netty.channel.AbstractChannel$AnnotatedConnectException: Connection refused: no further information: /127.0.0.1:6379
