2019-09-18 17:26:53.057 [main] INFO  com.example.excatch.ExcatchApplication - Starting ExcatchApplication on songqd-P1 with PID 14396 (D:\IDEAWorkSpace\excatch\target\classes started by songqd in D:\IDEAWorkSpace\excatch)
2019-09-18 17:26:53.059 [main] INFO  com.example.excatch.ExcatchApplication - No active profile set, falling back to default profiles: default
2019-09-18 17:26:53.910 [main] INFO  o.s.d.r.config.RepositoryConfigurationDelegate - Multiple Spring Data modules found, entering strict repository configuration mode!
2019-09-18 17:26:53.912 [main] INFO  o.s.d.r.config.RepositoryConfigurationDelegate - Bootstrapping Spring Data repositories in DEFAULT mode.
2019-09-18 17:26:53.936 [main] INFO  o.s.d.r.config.RepositoryConfigurationDelegate - Finished Spring Data repository scanning in 11ms. Found 0 repository interfaces.
2019-09-18 17:26:54.367 [main] INFO  o.s.boot.web.embedded.tomcat.TomcatWebServer - Tomcat initialized with port(s): 8080 (http)
2019-09-18 17:26:54.377 [main] INFO  org.apache.coyote.http11.Http11NioProtocol - Initializing ProtocolHandler ["http-nio-8080"]
2019-09-18 17:26:54.384 [main] INFO  org.apache.catalina.core.StandardService - Starting service [Tomcat]
2019-09-18 17:26:54.384 [main] INFO  org.apache.catalina.core.StandardEngine - Starting Servlet engine: [Apache Tomcat/9.0.22]
2019-09-18 17:26:54.388 [main] INFO  org.apache.catalina.core.AprLifecycleListener - Loaded APR based Apache Tomcat Native library [1.2.23] using APR version [1.7.0].
2019-09-18 17:26:54.389 [main] INFO  org.apache.catalina.core.AprLifecycleListener - APR capabilities: IPv6 [true], sendfile [true], accept filters [false], random [true].
2019-09-18 17:26:54.389 [main] INFO  org.apache.catalina.core.AprLifecycleListener - APR/OpenSSL configuration: useAprConnector [false], useOpenSSL [true]
2019-09-18 17:26:54.391 [main] INFO  org.apache.catalina.core.AprLifecycleListener - OpenSSL successfully initialized [OpenSSL 1.1.1c  28 May 2019]
2019-09-18 17:26:54.484 [main] INFO  o.a.c.core.ContainerBase.[Tomcat].[localhost].[/] - Initializing Spring embedded WebApplicationContext
2019-09-18 17:26:54.485 [main] INFO  org.springframework.web.context.ContextLoader - Root WebApplicationContext: initialization completed in 1392 ms
2019-09-18 17:26:55.030 [main] INFO  o.s.scheduling.concurrent.ThreadPoolTaskExecutor - Initializing ExecutorService 'applicationTaskExecutor'
2019-09-18 17:26:55.088 [main] WARN  o.s.b.a.t.ThymeleafAutoConfiguration$DefaultTemplateResolverConfiguration - Cannot find template location: classpath:/templates/ (please add some templates or check your Thymeleaf configuration)
2019-09-18 17:26:55.342 [getRedisMessageListenerContainer-1] INFO  io.lettuce.core.EpollProvider - Starting without optional epoll library
2019-09-18 17:26:55.343 [getRedisMessageListenerContainer-1] INFO  io.lettuce.core.KqueueProvider - Starting without optional kqueue library
2019-09-18 17:26:56.784 [getRedisMessageListenerContainer-1] ERROR o.s.d.redis.listener.RedisMessageListenerContainer - Connection failure occurred. Restarting subscription task after 5000 ms
2019-09-18 17:27:00.246 [main] INFO  org.apache.coyote.http11.Http11NioProtocol - Starting ProtocolHandler ["http-nio-8080"]
2019-09-18 17:27:00.253 [main] ERROR org.apache.catalina.util.LifecycleBase - Failed to start component [Connector[HTTP/1.1-8080]]
org.apache.catalina.LifecycleException: Protocol handler start failed
	at org.apache.catalina.connector.Connector.startInternal(Connector.java:1008)
	at org.apache.catalina.util.LifecycleBase.start(LifecycleBase.java:183)
	at org.apache.catalina.core.StandardService.addConnector(StandardService.java:227)
	at org.springframework.boot.web.embedded.tomcat.TomcatWebServer.addPreviouslyRemovedConnectors(TomcatWebServer.java:263)
	at org.springframework.boot.web.embedded.tomcat.TomcatWebServer.start(TomcatWebServer.java:195)
	at org.springframework.boot.web.servlet.context.ServletWebServerApplicationContext.startWebServer(ServletWebServerApplicationContext.java:297)
	at org.springframework.boot.web.servlet.context.ServletWebServerApplicationContext.finishRefresh(ServletWebServerApplicationContext.java:163)
	at org.springframework.context.support.AbstractApplicationContext.refresh(AbstractApplicationContext.java:552)
	at org.springframework.boot.web.servlet.context.ServletWebServerApplicationContext.refresh(ServletWebServerApplicationContext.java:141)
	at org.springframework.boot.SpringApplication.refresh(SpringApplication.java:743)
	at org.springframework.boot.SpringApplication.refreshContext(SpringApplication.java:390)
	at org.springframework.boot.SpringApplication.run(SpringApplication.java:312)
	at org.springframework.boot.SpringApplication.run(SpringApplication.java:1214)
	at org.springframework.boot.SpringApplication.run(SpringApplication.java:1203)
	at com.example.excatch.ExcatchApplication.main(ExcatchApplication.java:16)
Caused by: java.net.BindException: Address already in use: bind
	at sun.nio.ch.Net.bind0(Native Method)
	at sun.nio.ch.Net.bind(Net.java:433)
	at sun.nio.ch.Net.bind(Net.java:425)
	at sun.nio.ch.ServerSocketChannelImpl.bind(ServerSocketChannelImpl.java:223)
	at sun.nio.ch.ServerSocketAdaptor.bind(ServerSocketAdaptor.java:74)
	at org.apache.tomcat.util.net.NioEndpoint.initServerSocket(NioEndpoint.java:230)
	at org.apache.tomcat.util.net.NioEndpoint.bind(NioEndpoint.java:213)
	at org.apache.tomcat.util.net.AbstractEndpoint.bindWithCleanup(AbstractEndpoint.java:1124)
	at org.apache.tomcat.util.net.AbstractEndpoint.start(AbstractEndpoint.java:1210)
	at org.apache.coyote.AbstractProtocol.start(AbstractProtocol.java:585)
	at org.apache.catalina.connector.Connector.startInternal(Connector.java:1005)
	... 14 common frames omitted
2019-09-18 17:27:00.257 [main] INFO  org.apache.coyote.http11.Http11NioProtocol - Pausing ProtocolHandler ["http-nio-8080"]
2019-09-18 17:27:00.257 [main] INFO  org.apache.catalina.core.StandardService - Stopping service [Tomcat]
2019-09-18 17:27:00.260 [main] INFO  org.apache.catalina.util.LifecycleBase - The stop() method was called on component [StandardServer[-1]] after stop() had already been called. The second call will be ignored.
2019-09-18 17:27:00.260 [main] INFO  org.apache.coyote.http11.Http11NioProtocol - Stopping ProtocolHandler ["http-nio-8080"]
2019-09-18 17:27:00.261 [main] INFO  org.apache.coyote.http11.Http11NioProtocol - Destroying ProtocolHandler ["http-nio-8080"]
2019-09-18 17:27:00.265 [main] INFO  o.s.b.a.l.ConditionEvaluationReportLoggingListener - 

Error starting ApplicationContext. To display the conditions report re-run your application with 'debug' enabled.
2019-09-18 17:27:00.267 [main] ERROR o.s.b.diagnostics.LoggingFailureAnalysisReporter - 

***************************
APPLICATION FAILED TO START
***************************

Description:

The Tomcat connector configured to listen on port 8080 failed to start. The port may already be in use or the connector may be misconfigured.

Action:

Verify the connector's configuration, identify and stop any process that's listening on port 8080, or configure this application to listen on another port.

2019-09-18 17:27:00.269 [main] INFO  o.s.scheduling.concurrent.ThreadPoolTaskExecutor - Shutting down ExecutorService 'applicationTaskExecutor'
2019-09-18 17:28:02.111 [main] INFO  com.example.excatch.ExcatchApplication - Starting ExcatchApplication on songqd-P1 with PID 7752 (D:\IDEAWorkSpace\excatch\target\classes started by songqd in D:\IDEAWorkSpace\excatch)
2019-09-18 17:28:02.112 [main] INFO  com.example.excatch.ExcatchApplication - No active profile set, falling back to default profiles: default
2019-09-18 17:28:02.494 [main] INFO  o.s.d.r.config.RepositoryConfigurationDelegate - Multiple Spring Data modules found, entering strict repository configuration mode!
2019-09-18 17:28:02.496 [main] INFO  o.s.d.r.config.RepositoryConfigurationDelegate - Bootstrapping Spring Data repositories in DEFAULT mode.
2019-09-18 17:28:02.514 [main] INFO  o.s.d.r.config.RepositoryConfigurationDelegate - Finished Spring Data repository scanning in 10ms. Found 0 repository interfaces.
2019-09-18 17:28:02.792 [main] INFO  o.s.boot.web.embedded.tomcat.TomcatWebServer - Tomcat initialized with port(s): 8080 (http)
2019-09-18 17:28:02.799 [main] INFO  org.apache.coyote.http11.Http11NioProtocol - Initializing ProtocolHandler ["http-nio-8080"]
2019-09-18 17:28:02.804 [main] INFO  org.apache.catalina.core.StandardService - Starting service [Tomcat]
2019-09-18 17:28:02.804 [main] INFO  org.apache.catalina.core.StandardEngine - Starting Servlet engine: [Apache Tomcat/9.0.22]
2019-09-18 17:28:02.808 [main] INFO  org.apache.catalina.core.AprLifecycleListener - Loaded APR based Apache Tomcat Native library [1.2.23] using APR version [1.7.0].
2019-09-18 17:28:02.808 [main] INFO  org.apache.catalina.core.AprLifecycleListener - APR capabilities: IPv6 [true], sendfile [true], accept filters [false], random [true].
2019-09-18 17:28:02.808 [main] INFO  org.apache.catalina.core.AprLifecycleListener - APR/OpenSSL configuration: useAprConnector [false], useOpenSSL [true]
2019-09-18 17:28:02.810 [main] INFO  org.apache.catalina.core.AprLifecycleListener - OpenSSL successfully initialized [OpenSSL 1.1.1c  28 May 2019]
2019-09-18 17:28:02.873 [main] INFO  o.a.c.core.ContainerBase.[Tomcat].[localhost].[/] - Initializing Spring embedded WebApplicationContext
2019-09-18 17:28:02.873 [main] INFO  org.springframework.web.context.ContextLoader - Root WebApplicationContext: initialization completed in 737 ms
2019-09-18 17:28:03.159 [main] INFO  o.s.scheduling.concurrent.ThreadPoolTaskExecutor - Initializing ExecutorService 'applicationTaskExecutor'
2019-09-18 17:28:03.210 [main] WARN  o.s.b.a.t.ThymeleafAutoConfiguration$DefaultTemplateResolverConfiguration - Cannot find template location: classpath:/templates/ (please add some templates or check your Thymeleaf configuration)
2019-09-18 17:28:03.356 [getRedisMessageListenerContainer-1] INFO  io.lettuce.core.EpollProvider - Starting without optional epoll library
2019-09-18 17:28:03.357 [getRedisMessageListenerContainer-1] INFO  io.lettuce.core.KqueueProvider - Starting without optional kqueue library
2019-09-18 17:28:04.782 [getRedisMessageListenerContainer-1] ERROR o.s.d.redis.listener.RedisMessageListenerContainer - Connection failure occurred. Restarting subscription task after 5000 ms
2019-09-18 17:28:08.307 [main] INFO  org.apache.coyote.http11.Http11NioProtocol - Starting ProtocolHandler ["http-nio-8080"]
2019-09-18 17:28:08.325 [main] INFO  o.s.boot.web.embedded.tomcat.TomcatWebServer - Tomcat started on port(s): 8080 (http) with context path ''
2019-09-18 17:28:08.327 [main] INFO  com.example.excatch.ExcatchApplication - Started ExcatchApplication in 6.414 seconds (JVM running for 7.079)
2019-09-18 17:28:10.787 [getRedisMessageListenerContainer-2] ERROR o.s.d.redis.listener.RedisMessageListenerContainer - Connection failure occurred. Restarting subscription task after 5000 ms
2019-09-18 17:28:16.792 [getRedisMessageListenerContainer-3] ERROR o.s.d.redis.listener.RedisMessageListenerContainer - Connection failure occurred. Restarting subscription task after 5000 ms
2019-09-18 17:28:22.797 [getRedisMessageListenerContainer-4] ERROR o.s.d.redis.listener.RedisMessageListenerContainer - Connection failure occurred. Restarting subscription task after 5000 ms
2019-09-18 17:28:28.805 [getRedisMessageListenerContainer-5] ERROR o.s.d.redis.listener.RedisMessageListenerContainer - Connection failure occurred. Restarting subscription task after 5000 ms
2019-09-18 17:28:34.835 [getRedisMessageListenerContainer-6] ERROR o.s.d.redis.listener.RedisMessageListenerContainer - Connection failure occurred. Restarting subscription task after 5000 ms
2019-09-18 17:28:40.844 [getRedisMessageListenerContainer-7] ERROR o.s.d.redis.listener.RedisMessageListenerContainer - Connection failure occurred. Restarting subscription task after 5000 ms
2019-09-18 17:28:46.851 [getRedisMessageListenerContainer-8] ERROR o.s.d.redis.listener.RedisMessageListenerContainer - Connection failure occurred. Restarting subscription task after 5000 ms
2019-09-18 17:28:52.865 [getRedisMessageListenerContainer-9] ERROR o.s.d.redis.listener.RedisMessageListenerContainer - Connection failure occurred. Restarting subscription task after 5000 ms
2019-09-18 17:28:58.876 [getRedisMessageListenerContainer-10] ERROR o.s.d.redis.listener.RedisMessageListenerContainer - Connection failure occurred. Restarting subscription task after 5000 ms
2019-09-18 17:29:04.879 [getRedisMessageListenerContainer-11] ERROR o.s.d.redis.listener.RedisMessageListenerContainer - Connection failure occurred. Restarting subscription task after 5000 ms
2019-09-18 17:29:10.882 [getRedisMessageListenerContainer-12] ERROR o.s.d.redis.listener.RedisMessageListenerContainer - Connection failure occurred. Restarting subscription task after 5000 ms
2019-09-18 17:29:16.890 [getRedisMessageListenerContainer-13] ERROR o.s.d.redis.listener.RedisMessageListenerContainer - Connection failure occurred. Restarting subscription task after 5000 ms
2019-09-18 17:29:22.897 [getRedisMessageListenerContainer-14] ERROR o.s.d.redis.listener.RedisMessageListenerContainer - Connection failure occurred. Restarting subscription task after 5000 ms
2019-09-18 17:29:28.904 [getRedisMessageListenerContainer-15] ERROR o.s.d.redis.listener.RedisMessageListenerContainer - Connection failure occurred. Restarting subscription task after 5000 ms
2019-09-18 17:29:34.910 [getRedisMessageListenerContainer-16] ERROR o.s.d.redis.listener.RedisMessageListenerContainer - Connection failure occurred. Restarting subscription task after 5000 ms
2019-09-18 17:29:40.915 [getRedisMessageListenerContainer-17] ERROR o.s.d.redis.listener.RedisMessageListenerContainer - Connection failure occurred. Restarting subscription task after 5000 ms
2019-09-18 17:29:46.918 [getRedisMessageListenerContainer-18] ERROR o.s.d.redis.listener.RedisMessageListenerContainer - Connection failure occurred. Restarting subscription task after 5000 ms
2019-09-18 17:29:52.922 [getRedisMessageListenerContainer-19] ERROR o.s.d.redis.listener.RedisMessageListenerContainer - Connection failure occurred. Restarting subscription task after 5000 ms
2019-09-18 17:29:58.924 [getRedisMessageListenerContainer-20] ERROR o.s.d.redis.listener.RedisMessageListenerContainer - Connection failure occurred. Restarting subscription task after 5000 ms
2019-09-18 17:30:04.933 [getRedisMessageListenerContainer-21] ERROR o.s.d.redis.listener.RedisMessageListenerContainer - Connection failure occurred. Restarting subscription task after 5000 ms
2019-09-18 17:30:10.949 [getRedisMessageListenerContainer-22] ERROR o.s.d.redis.listener.RedisMessageListenerContainer - Connection failure occurred. Restarting subscription task after 5000 ms
2019-09-18 17:30:16.953 [getRedisMessageListenerContainer-23] ERROR o.s.d.redis.listener.RedisMessageListenerContainer - Connection failure occurred. Restarting subscription task after 5000 ms
2019-09-18 17:30:22.958 [getRedisMessageListenerContainer-24] ERROR o.s.d.redis.listener.RedisMessageListenerContainer - Connection failure occurred. Restarting subscription task after 5000 ms
2019-09-18 17:30:28.962 [getRedisMessageListenerContainer-25] ERROR o.s.d.redis.listener.RedisMessageListenerContainer - Connection failure occurred. Restarting subscription task after 5000 ms
2019-09-18 17:30:34.971 [getRedisMessageListenerContainer-26] ERROR o.s.d.redis.listener.RedisMessageListenerContainer - Connection failure occurred. Restarting subscription task after 5000 ms
2019-09-18 17:30:40.973 [getRedisMessageListenerContainer-27] ERROR o.s.d.redis.listener.RedisMessageListenerContainer - Connection failure occurred. Restarting subscription task after 5000 ms
2019-09-18 17:30:46.976 [getRedisMessageListenerContainer-28] ERROR o.s.d.redis.listener.RedisMessageListenerContainer - Connection failure occurred. Restarting subscription task after 5000 ms
2019-09-18 17:30:52.981 [getRedisMessageListenerContainer-29] ERROR o.s.d.redis.listener.RedisMessageListenerContainer - Connection failure occurred. Restarting subscription task after 5000 ms
2019-09-18 17:30:58.985 [getRedisMessageListenerContainer-30] ERROR o.s.d.redis.listener.RedisMessageListenerContainer - Connection failure occurred. Restarting subscription task after 5000 ms
2019-09-18 17:31:04.989 [getRedisMessageListenerContainer-31] ERROR o.s.d.redis.listener.RedisMessageListenerContainer - Connection failure occurred. Restarting subscription task after 5000 ms
2019-09-18 17:31:10.992 [getRedisMessageListenerContainer-32] ERROR o.s.d.redis.listener.RedisMessageListenerContainer - Connection failure occurred. Restarting subscription task after 5000 ms
2019-09-18 17:31:16.996 [getRedisMessageListenerContainer-33] ERROR o.s.d.redis.listener.RedisMessageListenerContainer - Connection failure occurred. Restarting subscription task after 5000 ms
2019-09-18 17:31:22.998 [getRedisMessageListenerContainer-34] ERROR o.s.d.redis.listener.RedisMessageListenerContainer - Connection failure occurred. Restarting subscription task after 5000 ms
2019-09-18 17:31:29.001 [getRedisMessageListenerContainer-35] ERROR o.s.d.redis.listener.RedisMessageListenerContainer - Connection failure occurred. Restarting subscription task after 5000 ms
2019-09-18 17:31:35.004 [getRedisMessageListenerContainer-36] ERROR o.s.d.redis.listener.RedisMessageListenerContainer - Connection failure occurred. Restarting subscription task after 5000 ms
2019-09-18 17:31:41.007 [getRedisMessageListenerContainer-37] ERROR o.s.d.redis.listener.RedisMessageListenerContainer - Connection failure occurred. Restarting subscription task after 5000 ms
2019-09-18 17:31:47.010 [getRedisMessageListenerContainer-38] ERROR o.s.d.redis.listener.RedisMessageListenerContainer - Connection failure occurred. Restarting subscription task after 5000 ms
2019-09-18 17:31:53.013 [getRedisMessageListenerContainer-39] ERROR o.s.d.redis.listener.RedisMessageListenerContainer - Connection failure occurred. Restarting subscription task after 5000 ms
2019-09-18 17:31:59.018 [getRedisMessageListenerContainer-40] ERROR o.s.d.redis.listener.RedisMessageListenerContainer - Connection failure occurred. Restarting subscription task after 5000 ms
2019-09-18 17:32:05.021 [getRedisMessageListenerContainer-41] ERROR o.s.d.redis.listener.RedisMessageListenerContainer - Connection failure occurred. Restarting subscription task after 5000 ms
2019-09-18 17:32:11.024 [getRedisMessageListenerContainer-42] ERROR o.s.d.redis.listener.RedisMessageListenerContainer - Connection failure occurred. Restarting subscription task after 5000 ms
2019-09-18 17:32:17.033 [getRedisMessageListenerContainer-43] ERROR o.s.d.redis.listener.RedisMessageListenerContainer - Connection failure occurred. Restarting subscription task after 5000 ms
2019-09-18 17:32:23.045 [getRedisMessageListenerContainer-44] ERROR o.s.d.redis.listener.RedisMessageListenerContainer - Connection failure occurred. Restarting subscription task after 5000 ms
2019-09-18 17:32:29.048 [getRedisMessageListenerContainer-45] ERROR o.s.d.redis.listener.RedisMessageListenerContainer - Connection failure occurred. Restarting subscription task after 5000 ms
2019-09-18 17:32:35.053 [getRedisMessageListenerContainer-46] ERROR o.s.d.redis.listener.RedisMessageListenerContainer - Connection failure occurred. Restarting subscription task after 5000 ms
2019-09-18 17:32:41.061 [getRedisMessageListenerContainer-47] ERROR o.s.d.redis.listener.RedisMessageListenerContainer - Connection failure occurred. Restarting subscription task after 5000 ms
2019-09-18 17:32:47.065 [getRedisMessageListenerContainer-48] ERROR o.s.d.redis.listener.RedisMessageListenerContainer - Connection failure occurred. Restarting subscription task after 5000 ms
2019-09-18 17:32:53.069 [getRedisMessageListenerContainer-49] ERROR o.s.d.redis.listener.RedisMessageListenerContainer - Connection failure occurred. Restarting subscription task after 5000 ms
2019-09-18 17:32:59.074 [getRedisMessageListenerContainer-50] ERROR o.s.d.redis.listener.RedisMessageListenerContainer - Connection failure occurred. Restarting subscription task after 5000 ms
2019-09-18 17:33:05.077 [getRedisMessageListenerContainer-51] ERROR o.s.d.redis.listener.RedisMessageListenerContainer - Connection failure occurred. Restarting subscription task after 5000 ms
2019-09-18 17:33:11.078 [getRedisMessageListenerContainer-52] ERROR o.s.d.redis.listener.RedisMessageListenerContainer - Connection failure occurred. Restarting subscription task after 5000 ms
2019-09-18 17:33:17.081 [getRedisMessageListenerContainer-53] ERROR o.s.d.redis.listener.RedisMessageListenerContainer - Connection failure occurred. Restarting subscription task after 5000 ms
2019-09-18 17:33:23.097 [getRedisMessageListenerContainer-54] ERROR o.s.d.redis.listener.RedisMessageListenerContainer - Connection failure occurred. Restarting subscription task after 5000 ms
2019-09-18 17:33:29.100 [getRedisMessageListenerContainer-55] ERROR o.s.d.redis.listener.RedisMessageListenerContainer - Connection failure occurred. Restarting subscription task after 5000 ms
2019-09-18 17:33:35.104 [getRedisMessageListenerContainer-56] ERROR o.s.d.redis.listener.RedisMessageListenerContainer - Connection failure occurred. Restarting subscription task after 5000 ms
2019-09-18 17:33:41.107 [getRedisMessageListenerContainer-57] ERROR o.s.d.redis.listener.RedisMessageListenerContainer - Connection failure occurred. Restarting subscription task after 5000 ms
2019-09-18 17:33:47.111 [getRedisMessageListenerContainer-58] ERROR o.s.d.redis.listener.RedisMessageListenerContainer - Connection failure occurred. Restarting subscription task after 5000 ms
2019-09-18 17:33:53.113 [getRedisMessageListenerContainer-59] ERROR o.s.d.redis.listener.RedisMessageListenerContainer - Connection failure occurred. Restarting subscription task after 5000 ms
2019-09-18 17:33:59.116 [getRedisMessageListenerContainer-60] ERROR o.s.d.redis.listener.RedisMessageListenerContainer - Connection failure occurred. Restarting subscription task after 5000 ms
2019-09-18 17:34:05.120 [getRedisMessageListenerContainer-61] ERROR o.s.d.redis.listener.RedisMessageListenerContainer - Connection failure occurred. Restarting subscription task after 5000 ms
2019-09-18 17:34:11.124 [getRedisMessageListenerContainer-62] ERROR o.s.d.redis.listener.RedisMessageListenerContainer - Connection failure occurred. Restarting subscription task after 5000 ms
2019-09-18 17:34:17.128 [getRedisMessageListenerContainer-63] ERROR o.s.d.redis.listener.RedisMessageListenerContainer - Connection failure occurred. Restarting subscription task after 5000 ms
2019-09-18 17:34:23.131 [getRedisMessageListenerContainer-64] ERROR o.s.d.redis.listener.RedisMessageListenerContainer - Connection failure occurred. Restarting subscription task after 5000 ms
2019-09-18 17:34:29.138 [getRedisMessageListenerContainer-65] ERROR o.s.d.redis.listener.RedisMessageListenerContainer - Connection failure occurred. Restarting subscription task after 5000 ms
2019-09-18 17:34:35.142 [getRedisMessageListenerContainer-66] ERROR o.s.d.redis.listener.RedisMessageListenerContainer - Connection failure occurred. Restarting subscription task after 5000 ms
2019-09-18 17:34:41.146 [getRedisMessageListenerContainer-67] ERROR o.s.d.redis.listener.RedisMessageListenerContainer - Connection failure occurred. Restarting subscription task after 5000 ms
2019-09-18 17:34:47.149 [getRedisMessageListenerContainer-68] ERROR o.s.d.redis.listener.RedisMessageListenerContainer - Connection failure occurred. Restarting subscription task after 5000 ms
2019-09-18 17:34:53.156 [getRedisMessageListenerContainer-69] ERROR o.s.d.redis.listener.RedisMessageListenerContainer - Connection failure occurred. Restarting subscription task after 5000 ms
2019-09-18 17:34:59.163 [getRedisMessageListenerContainer-70] ERROR o.s.d.redis.listener.RedisMessageListenerContainer - Connection failure occurred. Restarting subscription task after 5000 ms
2019-09-18 17:35:05.165 [getRedisMessageListenerContainer-71] ERROR o.s.d.redis.listener.RedisMessageListenerContainer - Connection failure occurred. Restarting subscription task after 5000 ms
2019-09-18 17:35:11.172 [getRedisMessageListenerContainer-72] ERROR o.s.d.redis.listener.RedisMessageListenerContainer - Connection failure occurred. Restarting subscription task after 5000 ms
2019-09-18 17:35:17.174 [getRedisMessageListenerContainer-73] ERROR o.s.d.redis.listener.RedisMessageListenerContainer - Connection failure occurred. Restarting subscription task after 5000 ms
2019-09-18 17:35:23.178 [getRedisMessageListenerContainer-74] ERROR o.s.d.redis.listener.RedisMessageListenerContainer - Connection failure occurred. Restarting subscription task after 5000 ms
2019-09-18 17:35:29.181 [getRedisMessageListenerContainer-75] ERROR o.s.d.redis.listener.RedisMessageListenerContainer - Connection failure occurred. Restarting subscription task after 5000 ms
2019-09-18 17:35:35.185 [getRedisMessageListenerContainer-76] ERROR o.s.d.redis.listener.RedisMessageListenerContainer - Connection failure occurred. Restarting subscription task after 5000 ms
2019-09-18 17:35:41.190 [getRedisMessageListenerContainer-77] ERROR o.s.d.redis.listener.RedisMessageListenerContainer - Connection failure occurred. Restarting subscription task after 5000 ms
2019-09-18 17:35:47.193 [getRedisMessageListenerContainer-78] ERROR o.s.d.redis.listener.RedisMessageListenerContainer - Connection failure occurred. Restarting subscription task after 5000 ms
2019-09-18 17:35:53.197 [getRedisMessageListenerContainer-79] ERROR o.s.d.redis.listener.RedisMessageListenerContainer - Connection failure occurred. Restarting subscription task after 5000 ms
2019-09-18 17:35:59.202 [getRedisMessageListenerContainer-80] ERROR o.s.d.redis.listener.RedisMessageListenerContainer - Connection failure occurred. Restarting subscription task after 5000 ms
2019-09-18 17:36:05.205 [getRedisMessageListenerContainer-81] ERROR o.s.d.redis.listener.RedisMessageListenerContainer - Connection failure occurred. Restarting subscription task after 5000 ms
2019-09-18 17:36:11.208 [getRedisMessageListenerContainer-82] ERROR o.s.d.redis.listener.RedisMessageListenerContainer - Connection failure occurred. Restarting subscription task after 5000 ms
2019-09-18 17:36:17.211 [getRedisMessageListenerContainer-83] ERROR o.s.d.redis.listener.RedisMessageListenerContainer - Connection failure occurred. Restarting subscription task after 5000 ms
2019-09-18 17:36:23.214 [getRedisMessageListenerContainer-84] ERROR o.s.d.redis.listener.RedisMessageListenerContainer - Connection failure occurred. Restarting subscription task after 5000 ms
2019-09-18 17:36:29.218 [getRedisMessageListenerContainer-85] ERROR o.s.d.redis.listener.RedisMessageListenerContainer - Connection failure occurred. Restarting subscription task after 5000 ms
2019-09-18 17:36:35.223 [getRedisMessageListenerContainer-86] ERROR o.s.d.redis.listener.RedisMessageListenerContainer - Connection failure occurred. Restarting subscription task after 5000 ms
2019-09-18 17:36:41.227 [getRedisMessageListenerContainer-87] ERROR o.s.d.redis.listener.RedisMessageListenerContainer - Connection failure occurred. Restarting subscription task after 5000 ms
2019-09-18 17:36:47.231 [getRedisMessageListenerContainer-88] ERROR o.s.d.redis.listener.RedisMessageListenerContainer - Connection failure occurred. Restarting subscription task after 5000 ms
2019-09-18 17:36:53.234 [getRedisMessageListenerContainer-89] ERROR o.s.d.redis.listener.RedisMessageListenerContainer - Connection failure occurred. Restarting subscription task after 5000 ms
2019-09-18 17:36:59.242 [getRedisMessageListenerContainer-90] ERROR o.s.d.redis.listener.RedisMessageListenerContainer - Connection failure occurred. Restarting subscription task after 5000 ms
2019-09-18 17:37:05.246 [getRedisMessageListenerContainer-91] ERROR o.s.d.redis.listener.RedisMessageListenerContainer - Connection failure occurred. Restarting subscription task after 5000 ms
2019-09-18 17:37:11.255 [getRedisMessageListenerContainer-92] ERROR o.s.d.redis.listener.RedisMessageListenerContainer - Connection failure occurred. Restarting subscription task after 5000 ms
2019-09-18 17:37:17.257 [getRedisMessageListenerContainer-93] ERROR o.s.d.redis.listener.RedisMessageListenerContainer - Connection failure occurred. Restarting subscription task after 5000 ms
2019-09-18 17:37:23.274 [getRedisMessageListenerContainer-94] ERROR o.s.d.redis.listener.RedisMessageListenerContainer - Connection failure occurred. Restarting subscription task after 5000 ms
2019-09-18 17:37:29.279 [getRedisMessageListenerContainer-95] ERROR o.s.d.redis.listener.RedisMessageListenerContainer - Connection failure occurred. Restarting subscription task after 5000 ms
2019-09-18 17:37:35.294 [getRedisMessageListenerContainer-96] ERROR o.s.d.redis.listener.RedisMessageListenerContainer - Connection failure occurred. Restarting subscription task after 5000 ms
2019-09-18 17:37:41.296 [getRedisMessageListenerContainer-97] ERROR o.s.d.redis.listener.RedisMessageListenerContainer - Connection failure occurred. Restarting subscription task after 5000 ms
2019-09-18 17:37:47.298 [getRedisMessageListenerContainer-98] ERROR o.s.d.redis.listener.RedisMessageListenerContainer - Connection failure occurred. Restarting subscription task after 5000 ms
2019-09-18 17:37:53.303 [getRedisMessageListenerContainer-99] ERROR o.s.d.redis.listener.RedisMessageListenerContainer - Connection failure occurred. Restarting subscription task after 5000 ms
2019-09-18 17:37:59.307 [getRedisMessageListenerContainer-100] ERROR o.s.d.redis.listener.RedisMessageListenerContainer - Connection failure occurred. Restarting subscription task after 5000 ms
2019-09-18 17:38:05.309 [getRedisMessageListenerContainer-101] ERROR o.s.d.redis.listener.RedisMessageListenerContainer - Connection failure occurred. Restarting subscription task after 5000 ms
2019-09-18 17:38:11.318 [getRedisMessageListenerContainer-102] ERROR o.s.d.redis.listener.RedisMessageListenerContainer - Connection failure occurred. Restarting subscription task after 5000 ms
2019-09-18 17:38:17.322 [getRedisMessageListenerContainer-103] ERROR o.s.d.redis.listener.RedisMessageListenerContainer - Connection failure occurred. Restarting subscription task after 5000 ms
2019-09-18 17:38:23.330 [getRedisMessageListenerContainer-104] ERROR o.s.d.redis.listener.RedisMessageListenerContainer - Connection failure occurred. Restarting subscription task after 5000 ms
2019-09-18 17:38:29.333 [getRedisMessageListenerContainer-105] ERROR o.s.d.redis.listener.RedisMessageListenerContainer - Connection failure occurred. Restarting subscription task after 5000 ms
2019-09-18 17:38:35.338 [getRedisMessageListenerContainer-106] ERROR o.s.d.redis.listener.RedisMessageListenerContainer - Connection failure occurred. Restarting subscription task after 5000 ms
2019-09-18 17:38:41.340 [getRedisMessageListenerContainer-107] ERROR o.s.d.redis.listener.RedisMessageListenerContainer - Connection failure occurred. Restarting subscription task after 5000 ms
2019-09-18 17:38:47.344 [getRedisMessageListenerContainer-108] ERROR o.s.d.redis.listener.RedisMessageListenerContainer - Connection failure occurred. Restarting subscription task after 5000 ms
2019-09-18 17:38:53.348 [getRedisMessageListenerContainer-109] ERROR o.s.d.redis.listener.RedisMessageListenerContainer - Connection failure occurred. Restarting subscription task after 5000 ms
2019-09-18 17:38:59.352 [getRedisMessageListenerContainer-110] ERROR o.s.d.redis.listener.RedisMessageListenerContainer - Connection failure occurred. Restarting subscription task after 5000 ms
2019-09-18 17:39:05.356 [getRedisMessageListenerContainer-111] ERROR o.s.d.redis.listener.RedisMessageListenerContainer - Connection failure occurred. Restarting subscription task after 5000 ms
2019-09-18 17:39:11.359 [getRedisMessageListenerContainer-112] ERROR o.s.d.redis.listener.RedisMessageListenerContainer - Connection failure occurred. Restarting subscription task after 5000 ms
2019-09-18 17:39:17.367 [getRedisMessageListenerContainer-113] ERROR o.s.d.redis.listener.RedisMessageListenerContainer - Connection failure occurred. Restarting subscription task after 5000 ms
2019-09-18 17:39:23.375 [getRedisMessageListenerContainer-114] ERROR o.s.d.redis.listener.RedisMessageListenerContainer - Connection failure occurred. Restarting subscription task after 5000 ms
2019-09-18 17:39:29.385 [getRedisMessageListenerContainer-115] ERROR o.s.d.redis.listener.RedisMessageListenerContainer - Connection failure occurred. Restarting subscription task after 5000 ms
2019-09-18 17:39:35.388 [getRedisMessageListenerContainer-116] ERROR o.s.d.redis.listener.RedisMessageListenerContainer - Connection failure occurred. Restarting subscription task after 5000 ms
2019-09-18 17:39:41.399 [getRedisMessageListenerContainer-117] ERROR o.s.d.redis.listener.RedisMessageListenerContainer - Connection failure occurred. Restarting subscription task after 5000 ms
2019-09-18 17:39:47.402 [getRedisMessageListenerContainer-118] ERROR o.s.d.redis.listener.RedisMessageListenerContainer - Connection failure occurred. Restarting subscription task after 5000 ms
2019-09-18 17:39:53.407 [getRedisMessageListenerContainer-119] ERROR o.s.d.redis.listener.RedisMessageListenerContainer - Connection failure occurred. Restarting subscription task after 5000 ms
2019-09-18 17:39:59.414 [getRedisMessageListenerContainer-120] ERROR o.s.d.redis.listener.RedisMessageListenerContainer - Connection failure occurred. Restarting subscription task after 5000 ms
2019-09-18 17:40:05.422 [getRedisMessageListenerContainer-121] ERROR o.s.d.redis.listener.RedisMessageListenerContainer - Connection failure occurred. Restarting subscription task after 5000 ms
2019-09-18 17:40:11.425 [getRedisMessageListenerContainer-122] ERROR o.s.d.redis.listener.RedisMessageListenerContainer - Connection failure occurred. Restarting subscription task after 5000 ms
2019-09-18 17:40:17.430 [getRedisMessageListenerContainer-123] ERROR o.s.d.redis.listener.RedisMessageListenerContainer - Connection failure occurred. Restarting subscription task after 5000 ms
2019-09-18 17:40:23.434 [getRedisMessageListenerContainer-124] ERROR o.s.d.redis.listener.RedisMessageListenerContainer - Connection failure occurred. Restarting subscription task after 5000 ms
2019-09-18 17:40:29.441 [getRedisMessageListenerContainer-125] ERROR o.s.d.redis.listener.RedisMessageListenerContainer - Connection failure occurred. Restarting subscription task after 5000 ms
2019-09-18 17:40:35.444 [getRedisMessageListenerContainer-126] ERROR o.s.d.redis.listener.RedisMessageListenerContainer - Connection failure occurred. Restarting subscription task after 5000 ms
2019-09-18 17:40:41.449 [getRedisMessageListenerContainer-127] ERROR o.s.d.redis.listener.RedisMessageListenerContainer - Connection failure occurred. Restarting subscription task after 5000 ms
2019-09-18 17:40:47.456 [getRedisMessageListenerContainer-128] ERROR o.s.d.redis.listener.RedisMessageListenerContainer - Connection failure occurred. Restarting subscription task after 5000 ms
2019-09-18 17:40:53.459 [getRedisMessageListenerContainer-129] ERROR o.s.d.redis.listener.RedisMessageListenerContainer - Connection failure occurred. Restarting subscription task after 5000 ms
2019-09-18 17:40:59.462 [getRedisMessageListenerContainer-130] ERROR o.s.d.redis.listener.RedisMessageListenerContainer - Connection failure occurred. Restarting subscription task after 5000 ms
2019-09-18 17:41:05.465 [getRedisMessageListenerContainer-131] ERROR o.s.d.redis.listener.RedisMessageListenerContainer - Connection failure occurred. Restarting subscription task after 5000 ms
2019-09-18 17:41:11.467 [getRedisMessageListenerContainer-132] ERROR o.s.d.redis.listener.RedisMessageListenerContainer - Connection failure occurred. Restarting subscription task after 5000 ms
2019-09-18 17:41:17.469 [getRedisMessageListenerContainer-133] ERROR o.s.d.redis.listener.RedisMessageListenerContainer - Connection failure occurred. Restarting subscription task after 5000 ms
2019-09-18 17:41:23.474 [getRedisMessageListenerContainer-134] ERROR o.s.d.redis.listener.RedisMessageListenerContainer - Connection failure occurred. Restarting subscription task after 5000 ms
2019-09-18 17:41:29.481 [getRedisMessageListenerContainer-135] ERROR o.s.d.redis.listener.RedisMessageListenerContainer - Connection failure occurred. Restarting subscription task after 5000 ms
2019-09-18 17:41:35.484 [getRedisMessageListenerContainer-136] ERROR o.s.d.redis.listener.RedisMessageListenerContainer - Connection failure occurred. Restarting subscription task after 5000 ms
2019-09-18 17:41:41.493 [getRedisMessageListenerContainer-137] ERROR o.s.d.redis.listener.RedisMessageListenerContainer - Connection failure occurred. Restarting subscription task after 5000 ms
2019-09-18 17:41:47.498 [getRedisMessageListenerContainer-138] ERROR o.s.d.redis.listener.RedisMessageListenerContainer - Connection failure occurred. Restarting subscription task after 5000 ms
2019-09-18 17:41:53.506 [getRedisMessageListenerContainer-139] ERROR o.s.d.redis.listener.RedisMessageListenerContainer - Connection failure occurred. Restarting subscription task after 5000 ms
2019-09-18 17:41:59.508 [getRedisMessageListenerContainer-140] ERROR o.s.d.redis.listener.RedisMessageListenerContainer - Connection failure occurred. Restarting subscription task after 5000 ms
2019-09-18 17:42:05.512 [getRedisMessageListenerContainer-141] ERROR o.s.d.redis.listener.RedisMessageListenerContainer - Connection failure occurred. Restarting subscription task after 5000 ms
2019-09-18 17:42:11.514 [getRedisMessageListenerContainer-142] ERROR o.s.d.redis.listener.RedisMessageListenerContainer - Connection failure occurred. Restarting subscription task after 5000 ms
2019-09-18 17:42:17.517 [getRedisMessageListenerContainer-143] ERROR o.s.d.redis.listener.RedisMessageListenerContainer - Connection failure occurred. Restarting subscription task after 5000 ms
2019-09-18 17:42:23.524 [getRedisMessageListenerContainer-144] ERROR o.s.d.redis.listener.RedisMessageListenerContainer - Connection failure occurred. Restarting subscription task after 5000 ms
2019-09-18 17:42:29.529 [getRedisMessageListenerContainer-145] ERROR o.s.d.redis.listener.RedisMessageListenerContainer - Connection failure occurred. Restarting subscription task after 5000 ms
2019-09-18 17:42:35.535 [getRedisMessageListenerContainer-146] ERROR o.s.d.redis.listener.RedisMessageListenerContainer - Connection failure occurred. Restarting subscription task after 5000 ms
2019-09-18 17:42:41.538 [getRedisMessageListenerContainer-147] ERROR o.s.d.redis.listener.RedisMessageListenerContainer - Connection failure occurred. Restarting subscription task after 5000 ms
2019-09-18 17:42:47.541 [getRedisMessageListenerContainer-148] ERROR o.s.d.redis.listener.RedisMessageListenerContainer - Connection failure occurred. Restarting subscription task after 5000 ms
2019-09-18 17:42:53.554 [getRedisMessageListenerContainer-149] ERROR o.s.d.redis.listener.RedisMessageListenerContainer - Connection failure occurred. Restarting subscription task after 5000 ms
2019-09-18 17:42:59.557 [getRedisMessageListenerContainer-150] ERROR o.s.d.redis.listener.RedisMessageListenerContainer - Connection failure occurred. Restarting subscription task after 5000 ms
2019-09-18 17:43:05.565 [getRedisMessageListenerContainer-151] ERROR o.s.d.redis.listener.RedisMessageListenerContainer - Connection failure occurred. Restarting subscription task after 5000 ms
2019-09-18 17:43:11.567 [getRedisMessageListenerContainer-152] ERROR o.s.d.redis.listener.RedisMessageListenerContainer - Connection failure occurred. Restarting subscription task after 5000 ms
2019-09-18 17:43:17.570 [getRedisMessageListenerContainer-153] ERROR o.s.d.redis.listener.RedisMessageListenerContainer - Connection failure occurred. Restarting subscription task after 5000 ms
2019-09-18 17:43:23.574 [getRedisMessageListenerContainer-154] ERROR o.s.d.redis.listener.RedisMessageListenerContainer - Connection failure occurred. Restarting subscription task after 5000 ms
2019-09-18 17:43:29.576 [getRedisMessageListenerContainer-155] ERROR o.s.d.redis.listener.RedisMessageListenerContainer - Connection failure occurred. Restarting subscription task after 5000 ms
2019-09-18 17:43:35.580 [getRedisMessageListenerContainer-156] ERROR o.s.d.redis.listener.RedisMessageListenerContainer - Connection failure occurred. Restarting subscription task after 5000 ms
2019-09-18 17:43:41.589 [getRedisMessageListenerContainer-157] ERROR o.s.d.redis.listener.RedisMessageListenerContainer - Connection failure occurred. Restarting subscription task after 5000 ms
2019-09-18 17:43:47.593 [getRedisMessageListenerContainer-158] ERROR o.s.d.redis.listener.RedisMessageListenerContainer - Connection failure occurred. Restarting subscription task after 5000 ms
2019-09-18 17:43:53.598 [getRedisMessageListenerContainer-159] ERROR o.s.d.redis.listener.RedisMessageListenerContainer - Connection failure occurred. Restarting subscription task after 5000 ms
2019-09-18 17:43:59.601 [getRedisMessageListenerContainer-160] ERROR o.s.d.redis.listener.RedisMessageListenerContainer - Connection failure occurred. Restarting subscription task after 5000 ms
2019-09-18 17:44:05.605 [getRedisMessageListenerContainer-161] ERROR o.s.d.redis.listener.RedisMessageListenerContainer - Connection failure occurred. Restarting subscription task after 5000 ms
2019-09-18 17:44:11.608 [getRedisMessageListenerContainer-162] ERROR o.s.d.redis.listener.RedisMessageListenerContainer - Connection failure occurred. Restarting subscription task after 5000 ms
2019-09-18 17:44:17.611 [getRedisMessageListenerContainer-163] ERROR o.s.d.redis.listener.RedisMessageListenerContainer - Connection failure occurred. Restarting subscription task after 5000 ms
2019-09-18 17:44:23.617 [getRedisMessageListenerContainer-164] ERROR o.s.d.redis.listener.RedisMessageListenerContainer - Connection failure occurred. Restarting subscription task after 5000 ms
2019-09-18 17:44:29.625 [getRedisMessageListenerContainer-165] ERROR o.s.d.redis.listener.RedisMessageListenerContainer - Connection failure occurred. Restarting subscription task after 5000 ms
2019-09-18 17:44:35.633 [getRedisMessageListenerContainer-166] ERROR o.s.d.redis.listener.RedisMessageListenerContainer - Connection failure occurred. Restarting subscription task after 5000 ms
2019-09-18 17:44:41.636 [getRedisMessageListenerContainer-167] ERROR o.s.d.redis.listener.RedisMessageListenerContainer - Connection failure occurred. Restarting subscription task after 5000 ms
2019-09-18 17:44:47.639 [getRedisMessageListenerContainer-168] ERROR o.s.d.redis.listener.RedisMessageListenerContainer - Connection failure occurred. Restarting subscription task after 5000 ms
2019-09-18 17:44:53.648 [getRedisMessageListenerContainer-169] ERROR o.s.d.redis.listener.RedisMessageListenerContainer - Connection failure occurred. Restarting subscription task after 5000 ms
2019-09-18 17:44:59.658 [getRedisMessageListenerContainer-170] ERROR o.s.d.redis.listener.RedisMessageListenerContainer - Connection failure occurred. Restarting subscription task after 5000 ms
2019-09-18 17:45:05.663 [getRedisMessageListenerContainer-171] ERROR o.s.d.redis.listener.RedisMessageListenerContainer - Connection failure occurred. Restarting subscription task after 5000 ms
2019-09-18 17:45:11.667 [getRedisMessageListenerContainer-172] ERROR o.s.d.redis.listener.RedisMessageListenerContainer - Connection failure occurred. Restarting subscription task after 5000 ms
2019-09-18 17:45:17.676 [getRedisMessageListenerContainer-173] ERROR o.s.d.redis.listener.RedisMessageListenerContainer - Connection failure occurred. Restarting subscription task after 5000 ms
2019-09-18 17:45:23.684 [getRedisMessageListenerContainer-174] ERROR o.s.d.redis.listener.RedisMessageListenerContainer - Connection failure occurred. Restarting subscription task after 5000 ms
2019-09-18 17:45:29.692 [getRedisMessageListenerContainer-175] ERROR o.s.d.redis.listener.RedisMessageListenerContainer - Connection failure occurred. Restarting subscription task after 5000 ms
2019-09-18 17:45:35.701 [getRedisMessageListenerContainer-176] ERROR o.s.d.redis.listener.RedisMessageListenerContainer - Connection failure occurred. Restarting subscription task after 5000 ms
2019-09-18 17:45:41.724 [getRedisMessageListenerContainer-177] ERROR o.s.d.redis.listener.RedisMessageListenerContainer - Connection failure occurred. Restarting subscription task after 5000 ms
2019-09-18 17:45:47.727 [getRedisMessageListenerContainer-178] ERROR o.s.d.redis.listener.RedisMessageListenerContainer - Connection failure occurred. Restarting subscription task after 5000 ms
2019-09-18 17:45:53.729 [getRedisMessageListenerContainer-179] ERROR o.s.d.redis.listener.RedisMessageListenerContainer - Connection failure occurred. Restarting subscription task after 5000 ms
2019-09-18 17:45:59.731 [getRedisMessageListenerContainer-180] ERROR o.s.d.redis.listener.RedisMessageListenerContainer - Connection failure occurred. Restarting subscription task after 5000 ms
2019-09-18 17:46:05.733 [getRedisMessageListenerContainer-181] ERROR o.s.d.redis.listener.RedisMessageListenerContainer - Connection failure occurred. Restarting subscription task after 5000 ms
2019-09-18 17:46:11.736 [getRedisMessageListenerContainer-182] ERROR o.s.d.redis.listener.RedisMessageListenerContainer - Connection failure occurred. Restarting subscription task after 5000 ms
2019-09-18 17:46:17.744 [getRedisMessageListenerContainer-183] ERROR o.s.d.redis.listener.RedisMessageListenerContainer - Connection failure occurred. Restarting subscription task after 5000 ms
2019-09-18 17:46:23.747 [getRedisMessageListenerContainer-184] ERROR o.s.d.redis.listener.RedisMessageListenerContainer - Connection failure occurred. Restarting subscription task after 5000 ms
2019-09-18 17:46:30.152 [getRedisMessageListenerContainer-185] ERROR o.s.d.redis.listener.RedisMessageListenerContainer - Connection failure occurred. Restarting subscription task after 5000 ms
2019-09-18 17:46:36.157 [getRedisMessageListenerContainer-186] ERROR o.s.d.redis.listener.RedisMessageListenerContainer - Connection failure occurred. Restarting subscription task after 5000 ms
2019-09-18 17:46:42.165 [getRedisMessageListenerContainer-187] ERROR o.s.d.redis.listener.RedisMessageListenerContainer - Connection failure occurred. Restarting subscription task after 5000 ms
2019-09-18 17:46:48.166 [getRedisMessageListenerContainer-188] ERROR o.s.d.redis.listener.RedisMessageListenerContainer - Connection failure occurred. Restarting subscription task after 5000 ms
2019-09-18 17:46:54.171 [getRedisMessageListenerContainer-189] ERROR o.s.d.redis.listener.RedisMessageListenerContainer - Connection failure occurred. Restarting subscription task after 5000 ms
2019-09-18 17:47:00.173 [getRedisMessageListenerContainer-190] ERROR o.s.d.redis.listener.RedisMessageListenerContainer - Connection failure occurred. Restarting subscription task after 5000 ms
2019-09-18 17:47:06.176 [getRedisMessageListenerContainer-191] ERROR o.s.d.redis.listener.RedisMessageListenerContainer - Connection failure occurred. Restarting subscription task after 5000 ms
2019-09-18 17:47:12.185 [getRedisMessageListenerContainer-192] ERROR o.s.d.redis.listener.RedisMessageListenerContainer - Connection failure occurred. Restarting subscription task after 5000 ms
2019-09-18 17:47:18.193 [getRedisMessageListenerContainer-193] ERROR o.s.d.redis.listener.RedisMessageListenerContainer - Connection failure occurred. Restarting subscription task after 5000 ms
2019-09-18 17:47:24.201 [getRedisMessageListenerContainer-194] ERROR o.s.d.redis.listener.RedisMessageListenerContainer - Connection failure occurred. Restarting subscription task after 5000 ms
2019-09-18 17:47:30.209 [getRedisMessageListenerContainer-195] ERROR o.s.d.redis.listener.RedisMessageListenerContainer - Connection failure occurred. Restarting subscription task after 5000 ms
2019-09-18 17:47:36.213 [getRedisMessageListenerContainer-196] ERROR o.s.d.redis.listener.RedisMessageListenerContainer - Connection failure occurred. Restarting subscription task after 5000 ms
2019-09-18 17:47:42.217 [getRedisMessageListenerContainer-197] ERROR o.s.d.redis.listener.RedisMessageListenerContainer - Connection failure occurred. Restarting subscription task after 5000 ms
2019-09-18 17:47:48.221 [getRedisMessageListenerContainer-198] ERROR o.s.d.redis.listener.RedisMessageListenerContainer - Connection failure occurred. Restarting subscription task after 5000 ms
2019-09-18 17:47:54.225 [getRedisMessageListenerContainer-199] ERROR o.s.d.redis.listener.RedisMessageListenerContainer - Connection failure occurred. Restarting subscription task after 5000 ms
2019-09-18 17:48:00.228 [getRedisMessageListenerContainer-200] ERROR o.s.d.redis.listener.RedisMessageListenerContainer - Connection failure occurred. Restarting subscription task after 5000 ms
2019-09-18 17:48:06.231 [getRedisMessageListenerContainer-201] ERROR o.s.d.redis.listener.RedisMessageListenerContainer - Connection failure occurred. Restarting subscription task after 5000 ms
2019-09-18 17:48:12.234 [getRedisMessageListenerContainer-202] ERROR o.s.d.redis.listener.RedisMessageListenerContainer - Connection failure occurred. Restarting subscription task after 5000 ms
2019-09-18 17:48:18.239 [getRedisMessageListenerContainer-203] ERROR o.s.d.redis.listener.RedisMessageListenerContainer - Connection failure occurred. Restarting subscription task after 5000 ms
2019-09-18 17:48:24.241 [getRedisMessageListenerContainer-204] ERROR o.s.d.redis.listener.RedisMessageListenerContainer - Connection failure occurred. Restarting subscription task after 5000 ms
2019-09-18 17:48:30.245 [getRedisMessageListenerContainer-205] ERROR o.s.d.redis.listener.RedisMessageListenerContainer - Connection failure occurred. Restarting subscription task after 5000 ms
2019-09-18 17:48:36.252 [getRedisMessageListenerContainer-206] ERROR o.s.d.redis.listener.RedisMessageListenerContainer - Connection failure occurred. Restarting subscription task after 5000 ms
2019-09-18 17:48:42.255 [getRedisMessageListenerContainer-207] ERROR o.s.d.redis.listener.RedisMessageListenerContainer - Connection failure occurred. Restarting subscription task after 5000 ms
2019-09-18 17:48:48.259 [getRedisMessageListenerContainer-208] ERROR o.s.d.redis.listener.RedisMessageListenerContainer - Connection failure occurred. Restarting subscription task after 5000 ms
2019-09-18 17:48:54.267 [getRedisMessageListenerContainer-209] ERROR o.s.d.redis.listener.RedisMessageListenerContainer - Connection failure occurred. Restarting subscription task after 5000 ms
2019-09-18 17:49:00.271 [getRedisMessageListenerContainer-210] ERROR o.s.d.redis.listener.RedisMessageListenerContainer - Connection failure occurred. Restarting subscription task after 5000 ms
2019-09-18 17:49:06.273 [getRedisMessageListenerContainer-211] ERROR o.s.d.redis.listener.RedisMessageListenerContainer - Connection failure occurred. Restarting subscription task after 5000 ms
2019-09-18 17:49:12.279 [getRedisMessageListenerContainer-212] ERROR o.s.d.redis.listener.RedisMessageListenerContainer - Connection failure occurred. Restarting subscription task after 5000 ms
2019-09-18 17:49:18.283 [getRedisMessageListenerContainer-213] ERROR o.s.d.redis.listener.RedisMessageListenerContainer - Connection failure occurred. Restarting subscription task after 5000 ms
2019-09-18 17:49:24.287 [getRedisMessageListenerContainer-214] ERROR o.s.d.redis.listener.RedisMessageListenerContainer - Connection failure occurred. Restarting subscription task after 5000 ms
2019-09-18 17:49:30.290 [getRedisMessageListenerContainer-215] ERROR o.s.d.redis.listener.RedisMessageListenerContainer - Connection failure occurred. Restarting subscription task after 5000 ms
2019-09-18 17:49:36.294 [getRedisMessageListenerContainer-216] ERROR o.s.d.redis.listener.RedisMessageListenerContainer - Connection failure occurred. Restarting subscription task after 5000 ms
2019-09-18 17:49:42.297 [getRedisMessageListenerContainer-217] ERROR o.s.d.redis.listener.RedisMessageListenerContainer - Connection failure occurred. Restarting subscription task after 5000 ms
2019-09-18 17:49:48.299 [getRedisMessageListenerContainer-218] ERROR o.s.d.redis.listener.RedisMessageListenerContainer - Connection failure occurred. Restarting subscription task after 5000 ms
2019-09-18 17:49:54.302 [getRedisMessageListenerContainer-219] ERROR o.s.d.redis.listener.RedisMessageListenerContainer - Connection failure occurred. Restarting subscription task after 5000 ms
2019-09-18 17:50:00.313 [getRedisMessageListenerContainer-220] ERROR o.s.d.redis.listener.RedisMessageListenerContainer - Connection failure occurred. Restarting subscription task after 5000 ms
2019-09-18 17:50:06.316 [getRedisMessageListenerContainer-221] ERROR o.s.d.redis.listener.RedisMessageListenerContainer - Connection failure occurred. Restarting subscription task after 5000 ms
2019-09-18 17:50:12.319 [getRedisMessageListenerContainer-222] ERROR o.s.d.redis.listener.RedisMessageListenerContainer - Connection failure occurred. Restarting subscription task after 5000 ms
2019-09-18 17:50:18.329 [getRedisMessageListenerContainer-223] ERROR o.s.d.redis.listener.RedisMessageListenerContainer - Connection failure occurred. Restarting subscription task after 5000 ms
2019-09-18 17:50:24.332 [getRedisMessageListenerContainer-224] ERROR o.s.d.redis.listener.RedisMessageListenerContainer - Connection failure occurred. Restarting subscription task after 5000 ms
2019-09-18 17:50:30.335 [getRedisMessageListenerContainer-225] ERROR o.s.d.redis.listener.RedisMessageListenerContainer - Connection failure occurred. Restarting subscription task after 5000 ms
2019-09-18 17:50:36.340 [getRedisMessageListenerContainer-226] ERROR o.s.d.redis.listener.RedisMessageListenerContainer - Connection failure occurred. Restarting subscription task after 5000 ms
2019-09-18 17:50:42.354 [getRedisMessageListenerContainer-227] ERROR o.s.d.redis.listener.RedisMessageListenerContainer - Connection failure occurred. Restarting subscription task after 5000 ms
2019-09-18 17:50:48.358 [getRedisMessageListenerContainer-228] ERROR o.s.d.redis.listener.RedisMessageListenerContainer - Connection failure occurred. Restarting subscription task after 5000 ms
2019-09-18 17:50:54.362 [getRedisMessageListenerContainer-229] ERROR o.s.d.redis.listener.RedisMessageListenerContainer - Connection failure occurred. Restarting subscription task after 5000 ms
2019-09-18 17:51:00.366 [getRedisMessageListenerContainer-230] ERROR o.s.d.redis.listener.RedisMessageListenerContainer - Connection failure occurred. Restarting subscription task after 5000 ms
2019-09-18 17:51:06.370 [getRedisMessageListenerContainer-231] ERROR o.s.d.redis.listener.RedisMessageListenerContainer - Connection failure occurred. Restarting subscription task after 5000 ms
2019-09-18 17:51:12.373 [getRedisMessageListenerContainer-232] ERROR o.s.d.redis.listener.RedisMessageListenerContainer - Connection failure occurred. Restarting subscription task after 5000 ms
2019-09-18 17:51:18.377 [getRedisMessageListenerContainer-233] ERROR o.s.d.redis.listener.RedisMessageListenerContainer - Connection failure occurred. Restarting subscription task after 5000 ms
2019-09-18 17:51:24.381 [getRedisMessageListenerContainer-234] ERROR o.s.d.redis.listener.RedisMessageListenerContainer - Connection failure occurred. Restarting subscription task after 5000 ms
2019-09-18 17:51:30.385 [getRedisMessageListenerContainer-235] ERROR o.s.d.redis.listener.RedisMessageListenerContainer - Connection failure occurred. Restarting subscription task after 5000 ms
2019-09-18 17:51:36.399 [getRedisMessageListenerContainer-236] ERROR o.s.d.redis.listener.RedisMessageListenerContainer - Connection failure occurred. Restarting subscription task after 5000 ms
2019-09-18 17:51:42.404 [getRedisMessageListenerContainer-237] ERROR o.s.d.redis.listener.RedisMessageListenerContainer - Connection failure occurred. Restarting subscription task after 5000 ms
2019-09-18 17:51:48.409 [getRedisMessageListenerContainer-238] ERROR o.s.d.redis.listener.RedisMessageListenerContainer - Connection failure occurred. Restarting subscription task after 5000 ms
2019-09-18 17:51:54.411 [getRedisMessageListenerContainer-239] ERROR o.s.d.redis.listener.RedisMessageListenerContainer - Connection failure occurred. Restarting subscription task after 5000 ms
2019-09-18 19:57:22.066 [main] INFO  com.example.excatch.ExcatchApplication - Starting ExcatchApplication on songqd-P1 with PID 15656 (D:\IDEAWorkSpace\excatch\target\classes started by songqd in D:\IDEAWorkSpace\excatch)
2019-09-18 19:57:22.080 [main] INFO  com.example.excatch.ExcatchApplication - No active profile set, falling back to default profiles: default
2019-09-18 19:57:22.790 [main] INFO  o.s.d.r.config.RepositoryConfigurationDelegate - Multiple Spring Data modules found, entering strict repository configuration mode!
2019-09-18 19:57:22.793 [main] INFO  o.s.d.r.config.RepositoryConfigurationDelegate - Bootstrapping Spring Data repositories in DEFAULT mode.
2019-09-18 19:57:22.820 [main] INFO  o.s.d.r.config.RepositoryConfigurationDelegate - Finished Spring Data repository scanning in 13ms. Found 0 repository interfaces.
2019-09-18 19:57:23.241 [main] INFO  o.s.boot.web.embedded.tomcat.TomcatWebServer - Tomcat initialized with port(s): 8080 (http)
2019-09-18 19:57:23.253 [main] INFO  org.apache.coyote.http11.Http11NioProtocol - Initializing ProtocolHandler ["http-nio-8080"]
2019-09-18 19:57:23.261 [main] INFO  org.apache.catalina.core.StandardService - Starting service [Tomcat]
2019-09-18 19:57:23.261 [main] INFO  org.apache.catalina.core.StandardEngine - Starting Servlet engine: [Apache Tomcat/9.0.22]
2019-09-18 19:57:23.267 [main] INFO  org.apache.catalina.core.AprLifecycleListener - Loaded APR based Apache Tomcat Native library [1.2.23] using APR version [1.7.0].
2019-09-18 19:57:23.267 [main] INFO  org.apache.catalina.core.AprLifecycleListener - APR capabilities: IPv6 [true], sendfile [true], accept filters [false], random [true].
2019-09-18 19:57:23.267 [main] INFO  org.apache.catalina.core.AprLifecycleListener - APR/OpenSSL configuration: useAprConnector [false], useOpenSSL [true]
2019-09-18 19:57:23.271 [main] INFO  org.apache.catalina.core.AprLifecycleListener - OpenSSL successfully initialized [OpenSSL 1.1.1c  28 May 2019]
2019-09-18 19:57:23.353 [main] INFO  o.a.c.core.ContainerBase.[Tomcat].[localhost].[/] - Initializing Spring embedded WebApplicationContext
2019-09-18 19:57:23.353 [main] INFO  org.springframework.web.context.ContextLoader - Root WebApplicationContext: initialization completed in 1245 ms
2019-09-18 19:57:23.941 [main] INFO  o.s.scheduling.concurrent.ThreadPoolTaskExecutor - Initializing ExecutorService 'applicationTaskExecutor'
2019-09-18 19:57:24.008 [main] WARN  o.s.b.a.t.ThymeleafAutoConfiguration$DefaultTemplateResolverConfiguration - Cannot find template location: classpath:/templates/ (please add some templates or check your Thymeleaf configuration)
2019-09-18 19:57:24.285 [getRedisMessageListenerContainer-1] INFO  io.lettuce.core.EpollProvider - Starting without optional epoll library
2019-09-18 19:57:24.286 [getRedisMessageListenerContainer-1] INFO  io.lettuce.core.KqueueProvider - Starting without optional kqueue library
2019-09-18 19:57:24.915 [main] INFO  org.apache.coyote.http11.Http11NioProtocol - Starting ProtocolHandler ["http-nio-8080"]
2019-09-18 19:57:24.930 [main] ERROR org.apache.catalina.util.LifecycleBase - Failed to start component [Connector[HTTP/1.1-8080]]
org.apache.catalina.LifecycleException: Protocol handler start failed
	at org.apache.catalina.connector.Connector.startInternal(Connector.java:1008)
	at org.apache.catalina.util.LifecycleBase.start(LifecycleBase.java:183)
	at org.apache.catalina.core.StandardService.addConnector(StandardService.java:227)
	at org.springframework.boot.web.embedded.tomcat.TomcatWebServer.addPreviouslyRemovedConnectors(TomcatWebServer.java:263)
	at org.springframework.boot.web.embedded.tomcat.TomcatWebServer.start(TomcatWebServer.java:195)
	at org.springframework.boot.web.servlet.context.ServletWebServerApplicationContext.startWebServer(ServletWebServerApplicationContext.java:297)
	at org.springframework.boot.web.servlet.context.ServletWebServerApplicationContext.finishRefresh(ServletWebServerApplicationContext.java:163)
	at org.springframework.context.support.AbstractApplicationContext.refresh(AbstractApplicationContext.java:552)
	at org.springframework.boot.web.servlet.context.ServletWebServerApplicationContext.refresh(ServletWebServerApplicationContext.java:141)
	at org.springframework.boot.SpringApplication.refresh(SpringApplication.java:743)
	at org.springframework.boot.SpringApplication.refreshContext(SpringApplication.java:390)
	at org.springframework.boot.SpringApplication.run(SpringApplication.java:312)
	at org.springframework.boot.SpringApplication.run(SpringApplication.java:1214)
	at org.springframework.boot.SpringApplication.run(SpringApplication.java:1203)
	at com.example.excatch.ExcatchApplication.main(ExcatchApplication.java:16)
Caused by: java.net.BindException: Address already in use: bind
	at sun.nio.ch.Net.bind0(Native Method)
	at sun.nio.ch.Net.bind(Net.java:433)
	at sun.nio.ch.Net.bind(Net.java:425)
	at sun.nio.ch.ServerSocketChannelImpl.bind(ServerSocketChannelImpl.java:223)
	at sun.nio.ch.ServerSocketAdaptor.bind(ServerSocketAdaptor.java:74)
	at org.apache.tomcat.util.net.NioEndpoint.initServerSocket(NioEndpoint.java:230)
	at org.apache.tomcat.util.net.NioEndpoint.bind(NioEndpoint.java:213)
	at org.apache.tomcat.util.net.AbstractEndpoint.bindWithCleanup(AbstractEndpoint.java:1124)
	at org.apache.tomcat.util.net.AbstractEndpoint.start(AbstractEndpoint.java:1210)
	at org.apache.coyote.AbstractProtocol.start(AbstractProtocol.java:585)
	at org.apache.catalina.connector.Connector.startInternal(Connector.java:1005)
	... 14 common frames omitted
2019-09-18 19:57:24.934 [main] INFO  org.apache.coyote.http11.Http11NioProtocol - Pausing ProtocolHandler ["http-nio-8080"]
2019-09-18 19:57:24.935 [main] INFO  org.apache.catalina.core.StandardService - Stopping service [Tomcat]
2019-09-18 19:57:24.939 [main] INFO  org.apache.catalina.util.LifecycleBase - The stop() method was called on component [StandardServer[-1]] after stop() had already been called. The second call will be ignored.
2019-09-18 19:57:24.939 [main] INFO  org.apache.coyote.http11.Http11NioProtocol - Stopping ProtocolHandler ["http-nio-8080"]
2019-09-18 19:57:24.939 [main] INFO  org.apache.coyote.http11.Http11NioProtocol - Destroying ProtocolHandler ["http-nio-8080"]
2019-09-18 19:57:24.941 [main] INFO  o.s.b.a.l.ConditionEvaluationReportLoggingListener - 

Error starting ApplicationContext. To display the conditions report re-run your application with 'debug' enabled.
2019-09-18 19:57:24.952 [main] ERROR o.s.b.diagnostics.LoggingFailureAnalysisReporter - 

***************************
APPLICATION FAILED TO START
***************************

Description:

The Tomcat connector configured to listen on port 8080 failed to start. The port may already be in use or the connector may be misconfigured.

Action:

Verify the connector's configuration, identify and stop any process that's listening on port 8080, or configure this application to listen on another port.

2019-09-18 19:57:24.961 [main] INFO  o.s.scheduling.concurrent.ThreadPoolTaskExecutor - Shutting down ExecutorService 'applicationTaskExecutor'
2019-09-18 19:57:30.948 [main] INFO  com.example.excatch.ExcatchApplication - Starting ExcatchApplication on songqd-P1 with PID 14476 (D:\IDEAWorkSpace\excatch\target\classes started by songqd in D:\IDEAWorkSpace\excatch)
2019-09-18 19:57:30.950 [main] INFO  com.example.excatch.ExcatchApplication - No active profile set, falling back to default profiles: default
2019-09-18 19:57:31.427 [main] INFO  o.s.d.r.config.RepositoryConfigurationDelegate - Multiple Spring Data modules found, entering strict repository configuration mode!
2019-09-18 19:57:31.428 [main] INFO  o.s.d.r.config.RepositoryConfigurationDelegate - Bootstrapping Spring Data repositories in DEFAULT mode.
2019-09-18 19:57:31.450 [main] INFO  o.s.d.r.config.RepositoryConfigurationDelegate - Finished Spring Data repository scanning in 12ms. Found 0 repository interfaces.
2019-09-18 19:57:31.767 [main] INFO  o.s.boot.web.embedded.tomcat.TomcatWebServer - Tomcat initialized with port(s): 8080 (http)
2019-09-18 19:57:31.775 [main] INFO  org.apache.coyote.http11.Http11NioProtocol - Initializing ProtocolHandler ["http-nio-8080"]
2019-09-18 19:57:31.781 [main] INFO  org.apache.catalina.core.StandardService - Starting service [Tomcat]
2019-09-18 19:57:31.781 [main] INFO  org.apache.catalina.core.StandardEngine - Starting Servlet engine: [Apache Tomcat/9.0.22]
2019-09-18 19:57:31.786 [main] INFO  org.apache.catalina.core.AprLifecycleListener - Loaded APR based Apache Tomcat Native library [1.2.23] using APR version [1.7.0].
2019-09-18 19:57:31.786 [main] INFO  org.apache.catalina.core.AprLifecycleListener - APR capabilities: IPv6 [true], sendfile [true], accept filters [false], random [true].
2019-09-18 19:57:31.786 [main] INFO  org.apache.catalina.core.AprLifecycleListener - APR/OpenSSL configuration: useAprConnector [false], useOpenSSL [true]
2019-09-18 19:57:31.788 [main] INFO  org.apache.catalina.core.AprLifecycleListener - OpenSSL successfully initialized [OpenSSL 1.1.1c  28 May 2019]
2019-09-18 19:57:31.863 [main] INFO  o.a.c.core.ContainerBase.[Tomcat].[localhost].[/] - Initializing Spring embedded WebApplicationContext
2019-09-18 19:57:31.864 [main] INFO  org.springframework.web.context.ContextLoader - Root WebApplicationContext: initialization completed in 886 ms
2019-09-18 19:57:32.203 [main] INFO  o.s.scheduling.concurrent.ThreadPoolTaskExecutor - Initializing ExecutorService 'applicationTaskExecutor'
2019-09-18 19:57:32.269 [main] WARN  o.s.b.a.t.ThymeleafAutoConfiguration$DefaultTemplateResolverConfiguration - Cannot find template location: classpath:/templates/ (please add some templates or check your Thymeleaf configuration)
2019-09-18 19:57:32.456 [getRedisMessageListenerContainer-1] INFO  io.lettuce.core.EpollProvider - Starting without optional epoll library
2019-09-18 19:57:32.457 [getRedisMessageListenerContainer-1] INFO  io.lettuce.core.KqueueProvider - Starting without optional kqueue library
2019-09-18 19:57:33.044 [main] INFO  org.apache.coyote.http11.Http11NioProtocol - Starting ProtocolHandler ["http-nio-8080"]
2019-09-18 19:57:33.064 [main] INFO  o.s.boot.web.embedded.tomcat.TomcatWebServer - Tomcat started on port(s): 8080 (http) with context path ''
2019-09-18 19:57:33.066 [main] INFO  com.example.excatch.ExcatchApplication - Started ExcatchApplication in 2.378 seconds (JVM running for 3.247)
2019-09-18 19:57:40.456 [http-nio-8080-exec-3] INFO  o.a.c.core.ContainerBase.[Tomcat].[localhost].[/] - Initializing Spring DispatcherServlet 'dispatcherServlet'
2019-09-18 19:57:40.457 [http-nio-8080-exec-3] INFO  org.springframework.web.servlet.DispatcherServlet - Initializing Servlet 'dispatcherServlet'
2019-09-18 19:57:40.461 [http-nio-8080-exec-3] INFO  org.springframework.web.servlet.DispatcherServlet - Completed initialization in 4 ms
2019-09-18 19:57:40.495 [http-nio-8080-exec-3] ERROR o.a.c.c.C.[.[localhost].[/].[dispatcherServlet] - Servlet.service() for servlet [dispatcherServlet] in context with path [] threw exception [Request processing failed; nested exception is java.lang.ArrayIndexOutOfBoundsException: 2] with root cause
java.lang.ArrayIndexOutOfBoundsException: 2
	at com.example.excatch.test.TestService.test1(TestService.java:27)
	at com.example.excatch.test.TestApi.test1(TestApi.java:31)
	at sun.reflect.NativeMethodAccessorImpl.invoke0(Native Method)
	at sun.reflect.NativeMethodAccessorImpl.invoke(NativeMethodAccessorImpl.java:62)
	at sun.reflect.DelegatingMethodAccessorImpl.invoke(DelegatingMethodAccessorImpl.java:43)
	at java.lang.reflect.Method.invoke(Method.java:498)
	at org.springframework.web.method.support.InvocableHandlerMethod.doInvoke(InvocableHandlerMethod.java:190)
	at org.springframework.web.method.support.InvocableHandlerMethod.invokeForRequest(InvocableHandlerMethod.java:138)
	at org.springframework.web.servlet.mvc.method.annotation.ServletInvocableHandlerMethod.invokeAndHandle(ServletInvocableHandlerMethod.java:104)
	at org.springframework.web.servlet.mvc.method.annotation.RequestMappingHandlerAdapter.invokeHandlerMethod(RequestMappingHandlerAdapter.java:892)
	at org.springframework.web.servlet.mvc.method.annotation.RequestMappingHandlerAdapter.handleInternal(RequestMappingHandlerAdapter.java:797)
	at org.springframework.web.servlet.mvc.method.AbstractHandlerMethodAdapter.handle(AbstractHandlerMethodAdapter.java:87)
	at org.springframework.web.servlet.DispatcherServlet.doDispatch(DispatcherServlet.java:1039)
	at org.springframework.web.servlet.DispatcherServlet.doService(DispatcherServlet.java:942)
	at org.springframework.web.servlet.FrameworkServlet.processRequest(FrameworkServlet.java:1005)
	at org.springframework.web.servlet.FrameworkServlet.doPost(FrameworkServlet.java:908)
	at javax.servlet.http.HttpServlet.service(HttpServlet.java:660)
	at org.springframework.web.servlet.FrameworkServlet.service(FrameworkServlet.java:882)
	at javax.servlet.http.HttpServlet.service(HttpServlet.java:741)
	at org.apache.catalina.core.ApplicationFilterChain.internalDoFilter(ApplicationFilterChain.java:231)
	at org.apache.catalina.core.ApplicationFilterChain.doFilter(ApplicationFilterChain.java:166)
	at org.apache.tomcat.websocket.server.WsFilter.doFilter(WsFilter.java:53)
	at org.apache.catalina.core.ApplicationFilterChain.internalDoFilter(ApplicationFilterChain.java:193)
	at org.apache.catalina.core.ApplicationFilterChain.doFilter(ApplicationFilterChain.java:166)
	at org.springframework.web.filter.RequestContextFilter.doFilterInternal(RequestContextFilter.java:99)
	at org.springframework.web.filter.OncePerRequestFilter.doFilter(OncePerRequestFilter.java:118)
	at org.apache.catalina.core.ApplicationFilterChain.internalDoFilter(ApplicationFilterChain.java:193)
	at org.apache.catalina.core.ApplicationFilterChain.doFilter(ApplicationFilterChain.java:166)
	at org.springframework.web.filter.FormContentFilter.doFilterInternal(FormContentFilter.java:92)
	at org.springframework.web.filter.OncePerRequestFilter.doFilter(OncePerRequestFilter.java:118)
	at org.apache.catalina.core.ApplicationFilterChain.internalDoFilter(ApplicationFilterChain.java:193)
	at org.apache.catalina.core.ApplicationFilterChain.doFilter(ApplicationFilterChain.java:166)
	at org.springframework.web.filter.HiddenHttpMethodFilter.doFilterInternal(HiddenHttpMethodFilter.java:93)
	at org.springframework.web.filter.OncePerRequestFilter.doFilter(OncePerRequestFilter.java:118)
	at org.apache.catalina.core.ApplicationFilterChain.internalDoFilter(ApplicationFilterChain.java:193)
	at org.apache.catalina.core.ApplicationFilterChain.doFilter(ApplicationFilterChain.java:166)
	at org.springframework.web.filter.CharacterEncodingFilter.doFilterInternal(CharacterEncodingFilter.java:200)
	at org.springframework.web.filter.OncePerRequestFilter.doFilter(OncePerRequestFilter.java:118)
	at org.apache.catalina.core.ApplicationFilterChain.internalDoFilter(ApplicationFilterChain.java:193)
	at org.apache.catalina.core.ApplicationFilterChain.doFilter(ApplicationFilterChain.java:166)
	at org.apache.catalina.core.StandardWrapperValve.invoke(StandardWrapperValve.java:202)
	at org.apache.catalina.core.StandardContextValve.invoke(StandardContextValve.java:96)
	at org.apache.catalina.authenticator.AuthenticatorBase.invoke(AuthenticatorBase.java:490)
	at org.apache.catalina.core.StandardHostValve.invoke(StandardHostValve.java:139)
	at org.apache.catalina.valves.ErrorReportValve.invoke(ErrorReportValve.java:92)
	at org.apache.catalina.core.StandardEngineValve.invoke(StandardEngineValve.java:74)
	at org.apache.catalina.connector.CoyoteAdapter.service(CoyoteAdapter.java:343)
	at org.apache.coyote.http11.Http11Processor.service(Http11Processor.java:408)
	at org.apache.coyote.AbstractProcessorLight.process(AbstractProcessorLight.java:66)
	at org.apache.coyote.AbstractProtocol$ConnectionHandler.process(AbstractProtocol.java:853)
	at org.apache.tomcat.util.net.NioEndpoint$SocketProcessor.doRun(NioEndpoint.java:1587)
	at org.apache.tomcat.util.net.SocketProcessorBase.run(SocketProcessorBase.java:49)
	at java.util.concurrent.ThreadPoolExecutor.runWorker(ThreadPoolExecutor.java:1149)
	at java.util.concurrent.ThreadPoolExecutor$Worker.run(ThreadPoolExecutor.java:624)
	at org.apache.tomcat.util.threads.TaskThread$WrappingRunnable.run(TaskThread.java:61)
	at java.lang.Thread.run(Thread.java:748)
