2019-09-06 15:12:05.183 [main] INFO  com.example.excatch.ExcatchApplication - Starting ExcatchApplication on songqd-P1 with PID 13776 (D:\IDEAWorkSpace\excatch\target\classes started by songqd in D:\IDEAWorkSpace\excatch)
2019-09-06 15:12:05.185 [main] INFO  com.example.excatch.ExcatchApplication - No active profile set, falling back to default profiles: default
2019-09-06 15:12:05.833 [main] INFO  o.s.boot.web.embedded.tomcat.TomcatWebServer - Tomcat initialized with port(s): 8080 (http)
2019-09-06 15:12:05.843 [main] INFO  org.apache.coyote.http11.Http11NioProtocol - Initializing ProtocolHandler ["http-nio-8080"]
2019-09-06 15:12:05.848 [main] INFO  org.apache.catalina.core.StandardService - Starting service [Tomcat]
2019-09-06 15:12:05.848 [main] INFO  org.apache.catalina.core.StandardEngine - Starting Servlet engine: [Apache Tomcat/9.0.22]
2019-09-06 15:12:05.937 [main] INFO  o.a.c.core.ContainerBase.[Tomcat].[localhost].[/] - Initializing Spring embedded WebApplicationContext
2019-09-06 15:12:05.937 [main] INFO  org.springframework.web.context.ContextLoader - Root WebApplicationContext: initialization completed in 725 ms
2019-09-06 15:12:06.090 [main] INFO  o.s.scheduling.concurrent.ThreadPoolTaskExecutor - Initializing ExecutorService 'applicationTaskExecutor'
2019-09-06 15:12:06.156 [main] WARN  o.s.b.a.t.ThymeleafAutoConfiguration$DefaultTemplateResolverConfiguration - Cannot find template location: classpath:/templates/ (please add some templates or check your Thymeleaf configuration)
2019-09-06 15:12:06.213 [main] INFO  org.apache.coyote.http11.Http11NioProtocol - Starting ProtocolHandler ["http-nio-8080"]
2019-09-06 15:12:06.230 [main] INFO  o.s.boot.web.embedded.tomcat.TomcatWebServer - Tomcat started on port(s): 8080 (http) with context path ''
2019-09-06 15:12:06.233 [main] INFO  com.example.excatch.ExcatchApplication - Started ExcatchApplication in 1.302 seconds (JVM running for 1.989)
2019-09-06 15:12:15.079 [http-nio-8080-exec-2] INFO  o.a.c.core.ContainerBase.[Tomcat].[localhost].[/] - Initializing Spring DispatcherServlet 'dispatcherServlet'
2019-09-06 15:12:15.079 [http-nio-8080-exec-2] INFO  org.springframework.web.servlet.DispatcherServlet - Initializing Servlet 'dispatcherServlet'
2019-09-06 15:12:15.083 [http-nio-8080-exec-2] INFO  org.springframework.web.servlet.DispatcherServlet - Completed initialization in 3 ms
2019-09-06 15:12:15.097 [http-nio-8080-exec-2] INFO  com.example.excatch.test.TestService - catch中捕捉2异常
2019-09-06 15:12:15.100 [http-nio-8080-exec-2] INFO  c.example.excatch.exception.GlobalExceptionHandler - 测试捕捉异常(getSuppressed)：null
2019-09-06 15:16:35.234 [main] INFO  com.example.excatch.ExcatchApplication - Starting ExcatchApplication on songqd-P1 with PID 10436 (D:\IDEAWorkSpace\excatch\target\classes started by songqd in D:\IDEAWorkSpace\excatch)
2019-09-06 15:16:35.236 [main] INFO  com.example.excatch.ExcatchApplication - No active profile set, falling back to default profiles: default
2019-09-06 15:16:35.866 [main] INFO  o.s.boot.web.embedded.tomcat.TomcatWebServer - Tomcat initialized with port(s): 8080 (http)
2019-09-06 15:16:35.875 [main] INFO  org.apache.coyote.http11.Http11NioProtocol - Initializing ProtocolHandler ["http-nio-8080"]
2019-09-06 15:16:35.881 [main] INFO  org.apache.catalina.core.StandardService - Starting service [Tomcat]
2019-09-06 15:16:35.881 [main] INFO  org.apache.catalina.core.StandardEngine - Starting Servlet engine: [Apache Tomcat/9.0.22]
2019-09-06 15:16:35.957 [main] INFO  o.a.c.core.ContainerBase.[Tomcat].[localhost].[/] - Initializing Spring embedded WebApplicationContext
2019-09-06 15:16:35.958 [main] INFO  org.springframework.web.context.ContextLoader - Root WebApplicationContext: initialization completed in 693 ms
2019-09-06 15:16:36.118 [main] INFO  o.s.scheduling.concurrent.ThreadPoolTaskExecutor - Initializing ExecutorService 'applicationTaskExecutor'
2019-09-06 15:16:36.184 [main] WARN  o.s.b.a.t.ThymeleafAutoConfiguration$DefaultTemplateResolverConfiguration - Cannot find template location: classpath:/templates/ (please add some templates or check your Thymeleaf configuration)
2019-09-06 15:16:36.239 [main] INFO  org.apache.coyote.http11.Http11NioProtocol - Starting ProtocolHandler ["http-nio-8080"]
2019-09-06 15:16:36.257 [main] INFO  o.s.boot.web.embedded.tomcat.TomcatWebServer - Tomcat started on port(s): 8080 (http) with context path ''
2019-09-06 15:16:36.259 [main] INFO  com.example.excatch.ExcatchApplication - Started ExcatchApplication in 1.276 seconds (JVM running for 2.022)
2019-09-06 15:16:52.067 [http-nio-8080-exec-2] INFO  o.a.c.core.ContainerBase.[Tomcat].[localhost].[/] - Initializing Spring DispatcherServlet 'dispatcherServlet'
2019-09-06 15:16:52.067 [http-nio-8080-exec-2] INFO  org.springframework.web.servlet.DispatcherServlet - Initializing Servlet 'dispatcherServlet'
2019-09-06 15:16:52.071 [http-nio-8080-exec-2] INFO  org.springframework.web.servlet.DispatcherServlet - Completed initialization in 3 ms
2019-09-06 15:16:52.085 [http-nio-8080-exec-2] INFO  com.example.excatch.test.TestService - catch中捕捉2异常
2019-09-06 15:16:52.092 [http-nio-8080-exec-2] ERROR o.a.c.c.C.[.[localhost].[/].[dispatcherServlet] - Servlet.service() for servlet [dispatcherServlet] in context with path [] threw exception [Request processing failed; nested exception is java.lang.NullPointerException] with root cause
java.lang.NullPointerException: null
	at com.example.excatch.exception.GlobalExceptionHandler.errorHandler(GlobalExceptionHandler.java:42)
	at com.example.excatch.test.TestService.test4(TestService.java:31)
	at com.example.excatch.test.TestApi.test4(TestApi.java:37)
	at sun.reflect.NativeMethodAccessorImpl.invoke0(Native Method)
	at sun.reflect.NativeMethodAccessorImpl.invoke(NativeMethodAccessorImpl.java:62)
	at sun.reflect.DelegatingMethodAccessorImpl.invoke(DelegatingMethodAccessorImpl.java:43)
	at java.lang.reflect.Method.invoke(Method.java:498)
	at org.springframework.web.method.support.InvocableHandlerMethod.doInvoke(InvocableHandlerMethod.java:190)
	at org.springframework.web.method.support.InvocableHandlerMethod.invokeForRequest(InvocableHandlerMethod.java:138)
	at org.springframework.web.servlet.mvc.method.annotation.ServletInvocableHandlerMethod.invokeAndHandle(ServletInvocableHandlerMethod.java:104)
	at org.springframework.web.servlet.mvc.method.annotation.RequestMappingHandlerAdapter.invokeHandlerMethod(RequestMappingHandlerAdapter.java:892)
	at org.springframework.web.servlet.mvc.method.annotation.RequestMappingHandlerAdapter.handleInternal(RequestMappingHandlerAdapter.java:797)
	at org.springframework.web.servlet.mvc.method.AbstractHandlerMethodAdapter.handle(AbstractHandlerMethodAdapter.java:87)
	at org.springframework.web.servlet.DispatcherServlet.doDispatch(DispatcherServlet.java:1039)
	at org.springframework.web.servlet.DispatcherServlet.doService(DispatcherServlet.java:942)
	at org.springframework.web.servlet.FrameworkServlet.processRequest(FrameworkServlet.java:1005)
	at org.springframework.web.servlet.FrameworkServlet.doGet(FrameworkServlet.java:897)
	at javax.servlet.http.HttpServlet.service(HttpServlet.java:634)
	at org.springframework.web.servlet.FrameworkServlet.service(FrameworkServlet.java:882)
	at javax.servlet.http.HttpServlet.service(HttpServlet.java:741)
	at org.apache.catalina.core.ApplicationFilterChain.internalDoFilter(ApplicationFilterChain.java:231)
	at org.apache.catalina.core.ApplicationFilterChain.doFilter(ApplicationFilterChain.java:166)
	at org.apache.tomcat.websocket.server.WsFilter.doFilter(WsFilter.java:53)
	at org.apache.catalina.core.ApplicationFilterChain.internalDoFilter(ApplicationFilterChain.java:193)
	at org.apache.catalina.core.ApplicationFilterChain.doFilter(ApplicationFilterChain.java:166)
	at org.springframework.web.filter.RequestContextFilter.doFilterInternal(RequestContextFilter.java:99)
	at org.springframework.web.filter.OncePerRequestFilter.doFilter(OncePerRequestFilter.java:118)
	at org.apache.catalina.core.ApplicationFilterChain.internalDoFilter(ApplicationFilterChain.java:193)
	at org.apache.catalina.core.ApplicationFilterChain.doFilter(ApplicationFilterChain.java:166)
	at org.springframework.web.filter.FormContentFilter.doFilterInternal(FormContentFilter.java:92)
	at org.springframework.web.filter.OncePerRequestFilter.doFilter(OncePerRequestFilter.java:118)
	at org.apache.catalina.core.ApplicationFilterChain.internalDoFilter(ApplicationFilterChain.java:193)
	at org.apache.catalina.core.ApplicationFilterChain.doFilter(ApplicationFilterChain.java:166)
	at org.springframework.web.filter.HiddenHttpMethodFilter.doFilterInternal(HiddenHttpMethodFilter.java:93)
	at org.springframework.web.filter.OncePerRequestFilter.doFilter(OncePerRequestFilter.java:118)
	at org.apache.catalina.core.ApplicationFilterChain.internalDoFilter(ApplicationFilterChain.java:193)
	at org.apache.catalina.core.ApplicationFilterChain.doFilter(ApplicationFilterChain.java:166)
	at org.springframework.web.filter.CharacterEncodingFilter.doFilterInternal(CharacterEncodingFilter.java:200)
	at org.springframework.web.filter.OncePerRequestFilter.doFilter(OncePerRequestFilter.java:118)
	at org.apache.catalina.core.ApplicationFilterChain.internalDoFilter(ApplicationFilterChain.java:193)
	at org.apache.catalina.core.ApplicationFilterChain.doFilter(ApplicationFilterChain.java:166)
	at org.apache.catalina.core.StandardWrapperValve.invoke(StandardWrapperValve.java:202)
	at org.apache.catalina.core.StandardContextValve.invoke(StandardContextValve.java:96)
	at org.apache.catalina.authenticator.AuthenticatorBase.invoke(AuthenticatorBase.java:490)
	at org.apache.catalina.core.StandardHostValve.invoke(StandardHostValve.java:139)
	at org.apache.catalina.valves.ErrorReportValve.invoke(ErrorReportValve.java:92)
	at org.apache.catalina.core.StandardEngineValve.invoke(StandardEngineValve.java:74)
	at org.apache.catalina.connector.CoyoteAdapter.service(CoyoteAdapter.java:343)
	at org.apache.coyote.http11.Http11Processor.service(Http11Processor.java:408)
	at org.apache.coyote.AbstractProcessorLight.process(AbstractProcessorLight.java:66)
	at org.apache.coyote.AbstractProtocol$ConnectionHandler.process(AbstractProtocol.java:853)
	at org.apache.tomcat.util.net.NioEndpoint$SocketProcessor.doRun(NioEndpoint.java:1587)
	at org.apache.tomcat.util.net.SocketProcessorBase.run(SocketProcessorBase.java:49)
	at java.util.concurrent.ThreadPoolExecutor.runWorker(ThreadPoolExecutor.java:1149)
	at java.util.concurrent.ThreadPoolExecutor$Worker.run(ThreadPoolExecutor.java:624)
	at org.apache.tomcat.util.threads.TaskThread$WrappingRunnable.run(TaskThread.java:61)
	at java.lang.Thread.run(Thread.java:748)
2019-09-06 17:39:58.399 [main] INFO  com.example.excatch.ExcatchApplication - Starting ExcatchApplication on songqd-P1 with PID 13936 (D:\IDEAWorkSpace\excatch\target\classes started by songqd in D:\IDEAWorkSpace\excatch)
2019-09-06 17:39:58.401 [main] INFO  com.example.excatch.ExcatchApplication - No active profile set, falling back to default profiles: default
2019-09-06 17:39:59.087 [main] INFO  o.s.d.r.config.RepositoryConfigurationDelegate - Multiple Spring Data modules found, entering strict repository configuration mode!
2019-09-06 17:39:59.091 [main] INFO  o.s.d.r.config.RepositoryConfigurationDelegate - Bootstrapping Spring Data repositories in DEFAULT mode.
2019-09-06 17:39:59.123 [main] INFO  o.s.d.r.config.RepositoryConfigurationDelegate - Finished Spring Data repository scanning in 12ms. Found 0 repository interfaces.
2019-09-06 17:39:59.600 [main] INFO  o.s.boot.web.embedded.tomcat.TomcatWebServer - Tomcat initialized with port(s): 8080 (http)
2019-09-06 17:39:59.610 [main] INFO  org.apache.coyote.http11.Http11NioProtocol - Initializing ProtocolHandler ["http-nio-8080"]
2019-09-06 17:39:59.619 [main] INFO  org.apache.catalina.core.StandardService - Starting service [Tomcat]
2019-09-06 17:39:59.619 [main] INFO  org.apache.catalina.core.StandardEngine - Starting Servlet engine: [Apache Tomcat/9.0.22]
2019-09-06 17:39:59.700 [main] INFO  o.a.c.core.ContainerBase.[Tomcat].[localhost].[/] - Initializing Spring embedded WebApplicationContext
2019-09-06 17:39:59.700 [main] INFO  org.springframework.web.context.ContextLoader - Root WebApplicationContext: initialization completed in 1263 ms
2019-09-06 17:40:00.308 [main] INFO  o.s.scheduling.concurrent.ThreadPoolTaskExecutor - Initializing ExecutorService 'applicationTaskExecutor'
2019-09-06 17:40:00.370 [main] WARN  o.s.b.a.t.ThymeleafAutoConfiguration$DefaultTemplateResolverConfiguration - Cannot find template location: classpath:/templates/ (please add some templates or check your Thymeleaf configuration)
2019-09-06 17:40:00.632 [getRedisMessageListenerContainer-1] INFO  io.lettuce.core.EpollProvider - Starting without optional epoll library
2019-09-06 17:40:00.633 [getRedisMessageListenerContainer-1] INFO  io.lettuce.core.KqueueProvider - Starting without optional kqueue library
2019-09-06 17:40:01.128 [main] INFO  org.apache.coyote.http11.Http11NioProtocol - Starting ProtocolHandler ["http-nio-8080"]
2019-09-06 17:40:01.148 [main] INFO  o.s.boot.web.embedded.tomcat.TomcatWebServer - Tomcat started on port(s): 8080 (http) with context path ''
2019-09-06 17:40:01.150 [main] INFO  com.example.excatch.ExcatchApplication - Started ExcatchApplication in 3.202 seconds (JVM running for 4.655)
2019-09-06 17:40:41.613 [main] INFO  com.example.excatch.ExcatchApplication - Starting ExcatchApplication on songqd-P1 with PID 8972 (D:\IDEAWorkSpace\excatch\target\classes started by songqd in D:\IDEAWorkSpace\excatch)
2019-09-06 17:40:41.616 [main] INFO  com.example.excatch.ExcatchApplication - No active profile set, falling back to default profiles: default
2019-09-06 17:40:42.050 [main] INFO  o.s.d.r.config.RepositoryConfigurationDelegate - Multiple Spring Data modules found, entering strict repository configuration mode!
2019-09-06 17:40:42.051 [main] INFO  o.s.d.r.config.RepositoryConfigurationDelegate - Bootstrapping Spring Data repositories in DEFAULT mode.
2019-09-06 17:40:42.073 [main] INFO  o.s.d.r.config.RepositoryConfigurationDelegate - Finished Spring Data repository scanning in 12ms. Found 0 repository interfaces.
2019-09-06 17:40:42.433 [main] INFO  o.s.boot.web.embedded.tomcat.TomcatWebServer - Tomcat initialized with port(s): 8080 (http)
2019-09-06 17:40:42.444 [main] INFO  org.apache.coyote.http11.Http11NioProtocol - Initializing ProtocolHandler ["http-nio-8080"]
2019-09-06 17:40:42.450 [main] INFO  org.apache.catalina.core.StandardService - Starting service [Tomcat]
2019-09-06 17:40:42.451 [main] INFO  org.apache.catalina.core.StandardEngine - Starting Servlet engine: [Apache Tomcat/9.0.22]
2019-09-06 17:40:42.528 [main] INFO  o.a.c.core.ContainerBase.[Tomcat].[localhost].[/] - Initializing Spring embedded WebApplicationContext
2019-09-06 17:40:42.528 [main] INFO  org.springframework.web.context.ContextLoader - Root WebApplicationContext: initialization completed in 875 ms
2019-09-06 17:40:42.860 [main] INFO  o.s.scheduling.concurrent.ThreadPoolTaskExecutor - Initializing ExecutorService 'applicationTaskExecutor'
2019-09-06 17:40:42.920 [main] WARN  o.s.b.a.t.ThymeleafAutoConfiguration$DefaultTemplateResolverConfiguration - Cannot find template location: classpath:/templates/ (please add some templates or check your Thymeleaf configuration)
2019-09-06 17:40:43.100 [getRedisMessageListenerContainer-1] INFO  io.lettuce.core.EpollProvider - Starting without optional epoll library
2019-09-06 17:40:43.101 [getRedisMessageListenerContainer-1] INFO  io.lettuce.core.KqueueProvider - Starting without optional kqueue library
2019-09-06 17:40:43.587 [main] INFO  org.apache.coyote.http11.Http11NioProtocol - Starting ProtocolHandler ["http-nio-8080"]
2019-09-06 17:40:43.597 [main] INFO  o.s.boot.web.embedded.tomcat.TomcatWebServer - Tomcat started on port(s): 8080 (http) with context path ''
2019-09-06 17:40:43.599 [main] INFO  com.example.excatch.ExcatchApplication - Started ExcatchApplication in 2.25 seconds (JVM running for 2.994)
2019-09-06 17:41:03.470 [http-nio-8080-exec-2] INFO  o.a.c.core.ContainerBase.[Tomcat].[localhost].[/] - Initializing Spring DispatcherServlet 'dispatcherServlet'
2019-09-06 17:41:03.470 [http-nio-8080-exec-2] INFO  org.springframework.web.servlet.DispatcherServlet - Initializing Servlet 'dispatcherServlet'
2019-09-06 17:41:03.474 [http-nio-8080-exec-2] INFO  org.springframework.web.servlet.DispatcherServlet - Completed initialization in 4 ms
2019-09-06 17:41:03.543 [getRedisMessageListenerContainer-2] INFO  com.example.excatch.redismq.Receiver - 收到的mq消息测试消息！
2019-09-06 17:43:39.974 [main] INFO  com.example.excatch.ExcatchApplication - Starting ExcatchApplication on songqd-P1 with PID 3500 (D:\IDEAWorkSpace\excatch\target\classes started by songqd in D:\IDEAWorkSpace\excatch)
2019-09-06 17:43:39.976 [main] INFO  com.example.excatch.ExcatchApplication - No active profile set, falling back to default profiles: default
2019-09-06 17:43:40.366 [main] INFO  o.s.d.r.config.RepositoryConfigurationDelegate - Multiple Spring Data modules found, entering strict repository configuration mode!
2019-09-06 17:43:40.368 [main] INFO  o.s.d.r.config.RepositoryConfigurationDelegate - Bootstrapping Spring Data repositories in DEFAULT mode.
2019-09-06 17:43:40.387 [main] INFO  o.s.d.r.config.RepositoryConfigurationDelegate - Finished Spring Data repository scanning in 10ms. Found 0 repository interfaces.
2019-09-06 17:43:40.699 [main] INFO  o.s.boot.web.embedded.tomcat.TomcatWebServer - Tomcat initialized with port(s): 8080 (http)
2019-09-06 17:43:40.708 [main] INFO  org.apache.coyote.http11.Http11NioProtocol - Initializing ProtocolHandler ["http-nio-8080"]
2019-09-06 17:43:40.713 [main] INFO  org.apache.catalina.core.StandardService - Starting service [Tomcat]
2019-09-06 17:43:40.714 [main] INFO  org.apache.catalina.core.StandardEngine - Starting Servlet engine: [Apache Tomcat/9.0.22]
2019-09-06 17:43:40.791 [main] INFO  o.a.c.core.ContainerBase.[Tomcat].[localhost].[/] - Initializing Spring embedded WebApplicationContext
2019-09-06 17:43:40.791 [main] INFO  org.springframework.web.context.ContextLoader - Root WebApplicationContext: initialization completed in 788 ms
2019-09-06 17:43:41.151 [main] INFO  o.s.scheduling.concurrent.ThreadPoolTaskExecutor - Initializing ExecutorService 'applicationTaskExecutor'
2019-09-06 17:43:41.211 [main] WARN  o.s.b.a.t.ThymeleafAutoConfiguration$DefaultTemplateResolverConfiguration - Cannot find template location: classpath:/templates/ (please add some templates or check your Thymeleaf configuration)
2019-09-06 17:43:41.387 [getRedisMessageListenerContainer-1] INFO  io.lettuce.core.EpollProvider - Starting without optional epoll library
2019-09-06 17:43:41.388 [getRedisMessageListenerContainer-1] INFO  io.lettuce.core.KqueueProvider - Starting without optional kqueue library
2019-09-06 17:43:41.856 [main] INFO  org.apache.coyote.http11.Http11NioProtocol - Starting ProtocolHandler ["http-nio-8080"]
2019-09-06 17:43:41.866 [main] INFO  o.s.boot.web.embedded.tomcat.TomcatWebServer - Tomcat started on port(s): 8080 (http) with context path ''
2019-09-06 17:43:41.868 [main] INFO  com.example.excatch.ExcatchApplication - Started ExcatchApplication in 2.136 seconds (JVM running for 2.873)
2019-09-06 17:43:44.684 [http-nio-8080-exec-3] INFO  o.a.c.core.ContainerBase.[Tomcat].[localhost].[/] - Initializing Spring DispatcherServlet 'dispatcherServlet'
2019-09-06 17:43:44.685 [http-nio-8080-exec-3] INFO  org.springframework.web.servlet.DispatcherServlet - Initializing Servlet 'dispatcherServlet'
2019-09-06 17:43:44.689 [http-nio-8080-exec-3] INFO  org.springframework.web.servlet.DispatcherServlet - Completed initialization in 4 ms
2019-09-06 17:43:44.711 [getRedisMessageListenerContainer-2] INFO  com.example.excatch.redismq.Receiver - 收到的mq消息测试消息！
2019-09-06 17:43:50.485 [getRedisMessageListenerContainer-3] INFO  com.example.excatch.redismq.Receiver - 收到的mq消息测试消息！
2019-09-06 17:44:27.217 [getRedisMessageListenerContainer-4] INFO  com.example.excatch.redismq.Receiver - 收到的mq消息测试消息！
2019-09-06 17:45:47.612 [getRedisMessageListenerContainer-5] INFO  com.example.excatch.redismq.Receiver - 收到的mq消息测试消息！
2019-09-06 17:46:00.904 [getRedisMessageListenerContainer-6] INFO  com.example.excatch.redismq.Receiver - 收到的mq消息测试消息！
2019-09-06 17:46:06.132 [getRedisMessageListenerContainer-7] INFO  com.example.excatch.redismq.Receiver - 收到的mq消息测试消息！
2019-09-06 17:46:11.559 [main] INFO  com.example.excatch.ExcatchApplication - Starting ExcatchApplication on songqd-P1 with PID 2236 (D:\IDEAWorkSpace\excatch\target\classes started by songqd in D:\IDEAWorkSpace\excatch)
2019-09-06 17:46:11.561 [main] INFO  com.example.excatch.ExcatchApplication - No active profile set, falling back to default profiles: default
2019-09-06 17:46:20.302 [main] INFO  o.s.d.r.config.RepositoryConfigurationDelegate - Multiple Spring Data modules found, entering strict repository configuration mode!
2019-09-06 17:46:20.353 [main] INFO  o.s.d.r.config.RepositoryConfigurationDelegate - Bootstrapping Spring Data repositories in DEFAULT mode.
2019-09-06 17:46:21.725 [main] INFO  o.s.d.r.config.RepositoryConfigurationDelegate - Finished Spring Data repository scanning in 702ms. Found 0 repository interfaces.
2019-09-06 17:47:01.247 [main] INFO  o.s.boot.web.embedded.tomcat.TomcatWebServer - Tomcat initialized with port(s): 8080 (http)
2019-09-06 17:47:01.942 [main] INFO  org.apache.coyote.http11.Http11NioProtocol - Initializing ProtocolHandler ["http-nio-8080"]
2019-09-06 17:47:03.870 [main] INFO  org.apache.catalina.core.StandardService - Starting service [Tomcat]
2019-09-06 17:47:03.877 [main] INFO  org.apache.catalina.core.StandardEngine - Starting Servlet engine: [Apache Tomcat/9.0.22]
2019-09-06 17:47:13.258 [main] INFO  o.a.c.core.ContainerBase.[Tomcat].[localhost].[/] - Initializing Spring embedded WebApplicationContext
2019-09-06 17:47:13.264 [main] INFO  org.springframework.web.context.ContextLoader - Root WebApplicationContext: initialization completed in 61677 ms
2019-09-06 17:47:50.218 [main] INFO  com.example.excatch.ExcatchApplication - Starting ExcatchApplication on songqd-P1 with PID 1268 (D:\IDEAWorkSpace\excatch\target\classes started by songqd in D:\IDEAWorkSpace\excatch)
2019-09-06 17:47:50.220 [main] INFO  com.example.excatch.ExcatchApplication - No active profile set, falling back to default profiles: default
2019-09-06 17:47:58.907 [main] INFO  o.s.d.r.config.RepositoryConfigurationDelegate - Multiple Spring Data modules found, entering strict repository configuration mode!
2019-09-06 17:47:58.957 [main] INFO  o.s.d.r.config.RepositoryConfigurationDelegate - Bootstrapping Spring Data repositories in DEFAULT mode.
2019-09-06 17:48:00.067 [main] INFO  o.s.d.r.config.RepositoryConfigurationDelegate - Finished Spring Data repository scanning in 500ms. Found 0 repository interfaces.
2019-09-06 17:48:12.223 [main] INFO  o.s.boot.web.embedded.tomcat.TomcatWebServer - Tomcat initialized with port(s): 8080 (http)
2019-09-06 17:48:12.233 [main] INFO  org.apache.coyote.http11.Http11NioProtocol - Initializing ProtocolHandler ["http-nio-8080"]
2019-09-06 17:48:12.238 [main] INFO  org.apache.catalina.core.StandardService - Starting service [Tomcat]
2019-09-06 17:48:12.238 [main] INFO  org.apache.catalina.core.StandardEngine - Starting Servlet engine: [Apache Tomcat/9.0.22]
2019-09-06 17:48:12.321 [main] INFO  o.a.c.core.ContainerBase.[Tomcat].[localhost].[/] - Initializing Spring embedded WebApplicationContext
2019-09-06 17:48:12.321 [main] INFO  org.springframework.web.context.ContextLoader - Root WebApplicationContext: initialization completed in 22076 ms
2019-09-06 17:48:12.677 [main] INFO  o.s.scheduling.concurrent.ThreadPoolTaskExecutor - Initializing ExecutorService 'applicationTaskExecutor'
2019-09-06 17:48:12.739 [main] WARN  o.s.b.a.t.ThymeleafAutoConfiguration$DefaultTemplateResolverConfiguration - Cannot find template location: classpath:/templates/ (please add some templates or check your Thymeleaf configuration)
2019-09-06 17:48:12.920 [getRedisMessageListenerContainer-1] INFO  io.lettuce.core.EpollProvider - Starting without optional epoll library
2019-09-06 17:48:12.921 [getRedisMessageListenerContainer-1] INFO  io.lettuce.core.KqueueProvider - Starting without optional kqueue library
2019-09-06 17:48:13.386 [main] INFO  org.apache.coyote.http11.Http11NioProtocol - Starting ProtocolHandler ["http-nio-8080"]
2019-09-06 17:48:13.397 [main] INFO  o.s.boot.web.embedded.tomcat.TomcatWebServer - Tomcat started on port(s): 8080 (http) with context path ''
2019-09-06 17:48:13.399 [main] INFO  com.example.excatch.ExcatchApplication - Started ExcatchApplication in 23.423 seconds (JVM running for 24.196)
2019-09-06 17:48:17.017 [http-nio-8080-exec-3] INFO  o.a.c.core.ContainerBase.[Tomcat].[localhost].[/] - Initializing Spring DispatcherServlet 'dispatcherServlet'
2019-09-06 17:48:17.017 [http-nio-8080-exec-3] INFO  org.springframework.web.servlet.DispatcherServlet - Initializing Servlet 'dispatcherServlet'
2019-09-06 17:48:17.022 [http-nio-8080-exec-3] INFO  org.springframework.web.servlet.DispatcherServlet - Completed initialization in 4 ms
2019-09-06 17:48:17.045 [getRedisMessageListenerContainer-2] INFO  com.example.excatch.redismq.Receiver - 收到的mq消息测试消息！
